Using pre-set license
Built from '2020.2/staging' branch; Version is '2020.2.6f1 (8a2143876886) revision 9052483'; Using compiler version '192528614'; Build Type 'Release'
OS: 'Windows 10 Home Single Language; OS build 19041.1052; Version 2004; 64bit' Language: 'es' Physical Memory: 8148 MB
BatchMode: 1, IsHumanControllingUs: 0, StartBugReporterOnCrash: 0, Is64bit: 1, IsPro: 0

 COMMAND LINE ARGUMENTS:
D:\Unity\2020.2.6f1\Editor\Unity.exe
-adb2
-batchMode
-noUpm
-name
AssetImportWorker0
-projectPath
D:/Unity/GAMEJAM/TheSecretTimeline/The secret timeline/TheSecretTimeline-Repo
-logFile
Logs/AssetImportWorker0.log
-srvPort
49179
Successfully changed project path to: D:/Unity/GAMEJAM/TheSecretTimeline/The secret timeline/TheSecretTimeline-Repo
D:/Unity/GAMEJAM/TheSecretTimeline/The secret timeline/TheSecretTimeline-Repo
Using Asset Import Pipeline V2.
Refreshing native plugins compatible for Editor in 100.59 ms, found 1 plugins.
Preloading 0 native plugins for Editor in 0.00 ms.
Initialize engine version: 2020.2.6f1 (8a2143876886)
[Subsystems] Discovering subsystems at path D:/Unity/2020.2.6f1/Editor/Data/Resources/UnitySubsystems
[Subsystems] Discovering subsystems at path D:/Unity/GAMEJAM/TheSecretTimeline/The secret timeline/TheSecretTimeline-Repo/Assets
GfxDevice: creating device client; threaded=0
Direct3D:
    Version:  Direct3D 11.0 [level 11.1]
    Renderer: NVIDIA GeForce GTX 1060 (ID=0x1c20)
    Vendor:   
    VRAM:     2987 MB
    Driver:   27.21.14.5167
Shader 'Universal Render Pipeline/Particles/Lit': fallback shader 'Universal Render Pipeline/Particles/SimpleLit' not found
Initialize mono
Mono path[0] = 'D:/Unity/2020.2.6f1/Editor/Data/Managed'
Mono path[1] = 'D:/Unity/2020.2.6f1/Editor/Data/MonoBleedingEdge/lib/mono/unityjit'
Mono config path = 'D:/Unity/2020.2.6f1/Editor/Data/MonoBleedingEdge/etc'
Using monoOptions --debugger-agent=transport=dt_socket,embedding=1,server=y,suspend=n,address=127.0.0.1:56196
Begin MonoManager ReloadAssembly
Registering precompiled unity dll's ...
Register platform support module: D:/Unity/2020.2.6f1/Editor/Data/PlaybackEngines/WindowsStandaloneSupport/UnityEditor.WindowsStandalone.Extensions.dll
Registered in 0.002585 seconds.
Native extension for WindowsStandalone target not found
Refreshing native plugins compatible for Editor in 80.61 ms, found 1 plugins.
Preloading 0 native plugins for Editor in 0.00 ms.
Invoked RoslynAnalysisRunner static constructor.
RoslynAnalysisRunner will not be running.
RoslynAnalysisRunner has terminated.
Mono: successfully reloaded assembly
- Completed reload, in  2.166 seconds
Platform modules already initialized, skipping
Registering precompiled user dll's ...
Registered in 0.006260 seconds.
Begin MonoManager ReloadAssembly
Native extension for WindowsStandalone target not found
Refreshing native plugins compatible for Editor in 78.47 ms, found 1 plugins.
Preloading 0 native plugins for Editor in 0.00 ms.
Invoked RoslynAnalysisRunner static constructor.
RoslynAnalysisRunner will not be running.
RoslynAnalysisRunner has terminated.
Mono: successfully reloaded assembly
- Completed reload, in  1.604 seconds
Platform modules already initialized, skipping
========================================================================
Worker process is ready to serve import requests
Shader 'Universal Render Pipeline/Particles/Lit': fallback shader 'Universal Render Pipeline/Particles/SimpleLit' not found
Launched and connected shader compiler UnityShaderCompiler.exe after 0.13 seconds
Refreshing native plugins compatible for Editor in 0.66 ms, found 1 plugins.
Preloading 0 native plugins for Editor in 0.00 ms.
Unloading 2954 Unused Serialized files (Serialized files now loaded: 0)
System memory in use before: 129.4 MB.
System memory in use after: 129.5 MB.

Unloading 25 unused Assets to reduce memory usage. Loaded Objects now: 3395.
Total: 3.736200 ms (FindLiveObjects: 0.377400 ms CreateObjectMapping: 0.215400 ms MarkObjects: 2.960000 ms  DeleteObjects: 0.181700 ms)

========================================================================
Received Import Request.
  path: Assets/Sprites/NPCs/Agent X/Back/sprite_4.png
  artifactKey: Guid(2e925230fa4676b4787b910e1b419f41) Importer(815301076,1909f56bfc062723c751e8b465ee728b)
Start importing Assets/Sprites/NPCs/Agent X/Back/sprite_4.png using Guid(2e925230fa4676b4787b910e1b419f41) Importer(815301076,1909f56bfc062723c751e8b465ee728b)  -> (artifact id: '83de9a13dbbfce9e897929ab3cb3adba') in 0.590299 seconds
  Import took 0.646048 seconds .

========================================================================
Received Import Request.
  Time since last request: 0.000317 seconds.
  path: Assets/Sprites/80s.png
  artifactKey: Guid(3b4f29215dd0ef045ba4e157c5fdacd9) Importer(815301076,1909f56bfc062723c751e8b465ee728b)
Start importing Assets/Sprites/80s.png using Guid(3b4f29215dd0ef045ba4e157c5fdacd9) Importer(815301076,1909f56bfc062723c751e8b465ee728b)  -> (artifact id: 'd6a405c4058cdfc6dc756f806445f349') in 0.050089 seconds
  Import took 0.074261 seconds .

========================================================================
Received Import Request.
  Time since last request: 0.000384 seconds.
  path: Assets/Sprites/NPCs/Agent X/Back
  artifactKey: Guid(c6d520341e3576f41ae24033aa1381bb) Importer(815301076,1909f56bfc062723c751e8b465ee728b)
Start importing Assets/Sprites/NPCs/Agent X/Back using Guid(c6d520341e3576f41ae24033aa1381bb) Importer(815301076,1909f56bfc062723c751e8b465ee728b)  -> (artifact id: '16161599fda6071fdf03d6886df7aaf1') in 0.009588 seconds
  Import took 0.017615 seconds .

========================================================================
Received Import Request.
  Time since last request: 0.000338 seconds.
  path: Assets/Sprites/NPCs/Agent X/Back/sprite_5.png
  artifactKey: Guid(aa5d38151ad120047ba99a8eba2034ee) Importer(815301076,1909f56bfc062723c751e8b465ee728b)
Start importing Assets/Sprites/NPCs/Agent X/Back/sprite_5.png using Guid(aa5d38151ad120047ba99a8eba2034ee) Importer(815301076,1909f56bfc062723c751e8b465ee728b)  -> (artifact id: 'e34d58232fb0097755530d0ed50cd41f') in 0.042562 seconds
  Import took 0.048269 seconds .

========================================================================
Received Import Request.
  Time since last request: 0.000336 seconds.
  path: Assets/Sprites/NPCs/Agent X/Back/sprite_1.png
  artifactKey: Guid(7f228046242ae92458cf24415b32556b) Importer(815301076,1909f56bfc062723c751e8b465ee728b)
Start importing Assets/Sprites/NPCs/Agent X/Back/sprite_1.png using Guid(7f228046242ae92458cf24415b32556b) Importer(815301076,1909f56bfc062723c751e8b465ee728b)  -> (artifact id: 'f982d7f409caf7176be299e8491b8285') in 0.027291 seconds
  Import took 0.032136 seconds .

========================================================================
Received Import Request.
  Time since last request: 0.000226 seconds.
  path: Assets/Sprites/NPCs/Agent X/Back/sprite_3.png
  artifactKey: Guid(3a7ba2810f4580047aa2220c36b9015e) Importer(815301076,1909f56bfc062723c751e8b465ee728b)
Start importing Assets/Sprites/NPCs/Agent X/Back/sprite_3.png using Guid(3a7ba2810f4580047aa2220c36b9015e) Importer(815301076,1909f56bfc062723c751e8b465ee728b)  -> (artifact id: '76c4bbd33bfbe8aa0a569d73d1c09bd8') in 0.023038 seconds
  Import took 0.042686 seconds .

========================================================================
Received Import Request.
  Time since last request: 0.000239 seconds.
  path: Assets/Sprites/Future.png
  artifactKey: Guid(dd56902aecd76e74a8de24a22a5df799) Importer(815301076,1909f56bfc062723c751e8b465ee728b)
Start importing Assets/Sprites/Future.png using Guid(dd56902aecd76e74a8de24a22a5df799) Importer(815301076,1909f56bfc062723c751e8b465ee728b)  -> (artifact id: '4934637d759d52511c791367b985892b') in 0.046576 seconds
  Import took 0.052883 seconds .

========================================================================
Received Import Request.
  Time since last request: 0.000243 seconds.
  path: Assets/Sprites/WWII.png
  artifactKey: Guid(9faf3767820105145ae9aa7bf6b2c106) Importer(815301076,1909f56bfc062723c751e8b465ee728b)
Start importing Assets/Sprites/WWII.png using Guid(9faf3767820105145ae9aa7bf6b2c106) Importer(815301076,1909f56bfc062723c751e8b465ee728b)  -> (artifact id: '495d3876aa46d086b6b2923c7f73a685') in 0.019391 seconds
  Import took 0.027570 seconds .

========================================================================
Received Import Request.
  Time since last request: 0.000581 seconds.
  path: Assets/Sprites/assets.png
  artifactKey: Guid(a21e98c751a9caa40a123de19a89634b) Importer(815301076,1909f56bfc062723c751e8b465ee728b)
Start importing Assets/Sprites/assets.png using Guid(a21e98c751a9caa40a123de19a89634b) Importer(815301076,1909f56bfc062723c751e8b465ee728b)  -> (artifact id: 'cff508cd7df460badeefea43e9d4a01d') in 0.078999 seconds
  Import took 0.085557 seconds .

========================================================================
Received Import Request.
  Time since last request: 0.000273 seconds.
  path: Assets/Sprites/NPCs/Agent X/Back/sprite_2.png
  artifactKey: Guid(789e6cdd3a355ba42b28d52b56a330df) Importer(815301076,1909f56bfc062723c751e8b465ee728b)
Start importing Assets/Sprites/NPCs/Agent X/Back/sprite_2.png using Guid(789e6cdd3a355ba42b28d52b56a330df) Importer(815301076,1909f56bfc062723c751e8b465ee728b)  -> (artifact id: '221b868dc2e38167e6b492d850b14114') in 0.031208 seconds
  Import took 0.037343 seconds .

========================================================================
Received Import Request.
  Time since last request: 0.000245 seconds.
  path: Assets/Sprites/Phone.png
  artifactKey: Guid(e6409f5e13ca6974c9d9929e9401adbe) Importer(815301076,1909f56bfc062723c751e8b465ee728b)
Start importing Assets/Sprites/Phone.png using Guid(e6409f5e13ca6974c9d9929e9401adbe) Importer(815301076,1909f56bfc062723c751e8b465ee728b)  -> (artifact id: '21211d80bda72898bff7eeacb17800e3') in 0.034012 seconds
  Import took 0.078926 seconds .

========================================================================
Received Import Request.
  Time since last request: 0.000273 seconds.
  path: Assets/Sprites/assets3.png
  artifactKey: Guid(75da3a93223cca441a06ad47c688a75d) Importer(815301076,1909f56bfc062723c751e8b465ee728b)
Start importing Assets/Sprites/assets3.png using Guid(75da3a93223cca441a06ad47c688a75d) Importer(815301076,1909f56bfc062723c751e8b465ee728b)  -> (artifact id: '7dc1d2d0c72e82a7653dfa40f68c5b75') in 0.127559 seconds
  Import took 0.137385 seconds .

========================================================================
Received Import Request.
  Time since last request: 0.000202 seconds.
  path: Assets/Sprites/NPCs/Agent X/Back/sprite_6.png
  artifactKey: Guid(9c424d21e6933b34b90b15011e51ca18) Importer(815301076,1909f56bfc062723c751e8b465ee728b)
Start importing Assets/Sprites/NPCs/Agent X/Back/sprite_6.png using Guid(9c424d21e6933b34b90b15011e51ca18) Importer(815301076,1909f56bfc062723c751e8b465ee728b)  -> (artifact id: '20b1ab8a3a5504abe5858d8f1177ca86') in 0.030798 seconds
  Import took 0.039907 seconds .

========================================================================
Received Import Request.
  Time since last request: 0.000287 seconds.
  path: Assets/Sprites/assets1.png
  artifactKey: Guid(80fcc4c41c2080b41806a82614c9a39e) Importer(815301076,1909f56bfc062723c751e8b465ee728b)
Start importing Assets/Sprites/assets1.png using Guid(80fcc4c41c2080b41806a82614c9a39e) Importer(815301076,1909f56bfc062723c751e8b465ee728b)  -> (artifact id: '308264a2e4722cdfdc82fad7d279e392') in 0.079743 seconds
  Import took 0.102640 seconds .

========================================================================
Received Import Request.
  Time since last request: 0.000393 seconds.
  path: Assets/Sprites/Prehistory.png
  artifactKey: Guid(32901347012f6224492d4c7ff89f90bd) Importer(815301076,1909f56bfc062723c751e8b465ee728b)
Start importing Assets/Sprites/Prehistory.png using Guid(32901347012f6224492d4c7ff89f90bd) Importer(815301076,1909f56bfc062723c751e8b465ee728b)  -> (artifact id: '8a2e47f5281af13c7cbe34f0573b5d93') in 0.074002 seconds
  Import took 0.091860 seconds .

========================================================================
Received Import Request.
  Time since last request: 0.000367 seconds.
  path: Assets/Sprites/Covid.png
  artifactKey: Guid(8df45ba34ca522d439fff9ddc2fffd15) Importer(815301076,1909f56bfc062723c751e8b465ee728b)
Start importing Assets/Sprites/Covid.png using Guid(8df45ba34ca522d439fff9ddc2fffd15) Importer(815301076,1909f56bfc062723c751e8b465ee728b)  -> (artifact id: '17cb8d31822ec78561cf91efc57e1bdd') in 0.013210 seconds
  Import took 0.019852 seconds .

========================================================================
Received Import Request.
  Time since last request: 0.000307 seconds.
  path: Assets/Sprites/NPCs/Agent X/Back/sprite_0.png
  artifactKey: Guid(7776713d7a916214f9f1e703eb676ca7) Importer(815301076,1909f56bfc062723c751e8b465ee728b)
Start importing Assets/Sprites/NPCs/Agent X/Back/sprite_0.png using Guid(7776713d7a916214f9f1e703eb676ca7) Importer(815301076,1909f56bfc062723c751e8b465ee728b)  -> (artifact id: 'f83516c33be96fbd4d53b83b925c8954') in 0.046951 seconds
  Import took 0.139567 seconds .

========================================================================
Received Import Request.
  Time since last request: 0.000422 seconds.
  path: Assets/Sprites/NPCs/Agent X/Back/Agent X (1).png
  artifactKey: Guid(fcf4e077877872840a34c300a6e457b8) Importer(815301076,1909f56bfc062723c751e8b465ee728b)
Start importing Assets/Sprites/NPCs/Agent X/Back/Agent X (1).png using Guid(fcf4e077877872840a34c300a6e457b8) Importer(815301076,1909f56bfc062723c751e8b465ee728b)  -> (artifact id: '40658e17a783b8b74640aaa73583c73b') in 0.051547 seconds
  Import took 0.063911 seconds .

========================================================================
Received Import Request.
  Time since last request: 0.000377 seconds.
  path: Assets/Sprites/Notes.png
  artifactKey: Guid(0b400dbe9d5d568469fc915a22925946) Importer(815301076,1909f56bfc062723c751e8b465ee728b)
Start importing Assets/Sprites/Notes.png using Guid(0b400dbe9d5d568469fc915a22925946) Importer(815301076,1909f56bfc062723c751e8b465ee728b)  -> (artifact id: 'a644da54107ee280b09795948932cabf') in 0.030688 seconds
  Import took 0.036816 seconds .

========================================================================
Received Import Request.
  Time since last request: 0.000392 seconds.
  path: Assets/Sprites/assets2.png
  artifactKey: Guid(69f1ff2f60c3fe34ebd6685553f824fc) Importer(815301076,1909f56bfc062723c751e8b465ee728b)
Start importing Assets/Sprites/assets2.png using Guid(69f1ff2f60c3fe34ebd6685553f824fc) Importer(815301076,1909f56bfc062723c751e8b465ee728b)  -> (artifact id: 'ce9da0d66b249ac168263da05a1965ad') in 0.118768 seconds
  Import took 0.161061 seconds .

========================================================================
Received Import Request.
  Time since last request: 3.686984 seconds.
  path: Assets/Sprites/assets1.png
  artifactKey: Guid(80fcc4c41c2080b41806a82614c9a39e) Importer(815301076,1909f56bfc062723c751e8b465ee728b)
Start importing Assets/Sprites/assets1.png using Guid(80fcc4c41c2080b41806a82614c9a39e) Importer(815301076,1909f56bfc062723c751e8b465ee728b)  -> (artifact id: '308264a2e4722cdfdc82fad7d279e392') in 0.079850 seconds
  Import took 0.086289 seconds .

========================================================================
Received Prepare
Registering precompiled user dll's ...
Registered in 0.002492 seconds.
Begin MonoManager ReloadAssembly
Native extension for WindowsStandalone target not found
Refreshing native plugins compatible for Editor in 0.60 ms, found 1 plugins.
Preloading 0 native plugins for Editor in 0.00 ms.
Invoked RoslynAnalysisRunner static constructor.
RoslynAnalysisRunner will not be running.
RoslynAnalysisRunner has terminated.
Mono: successfully reloaded assembly
- Completed reload, in  1.381 seconds
Platform modules already initialized, skipping
Shader 'Universal Render Pipeline/Particles/Lit': fallback shader 'Universal Render Pipeline/Particles/SimpleLit' not found
Refreshing native plugins compatible for Editor in 0.61 ms, found 1 plugins.
Preloading 0 native plugins for Editor in 0.00 ms.
Unloading 2845 Unused Serialized files (Serialized files now loaded: 0)
System memory in use before: 126.6 MB.
System memory in use after: 126.7 MB.

Unloading 13 unused Assets to reduce memory usage. Loaded Objects now: 3420.
Total: 3.112300 ms (FindLiveObjects: 0.344200 ms CreateObjectMapping: 0.199700 ms MarkObjects: 2.429600 ms  DeleteObjects: 0.136900 ms)

========================================================================
Received Prepare
Registering precompiled user dll's ...
Registered in 0.002987 seconds.
Begin MonoManager ReloadAssembly
Native extension for WindowsStandalone target not found
Refreshing native plugins compatible for Editor in 0.71 ms, found 1 plugins.
Preloading 0 native plugins for Editor in 0.00 ms.
Invoked RoslynAnalysisRunner static constructor.
RoslynAnalysisRunner will not be running.
RoslynAnalysisRunner has terminated.
Mono: successfully reloaded assembly
- Completed reload, in  1.735 seconds
Platform modules already initialized, skipping
Shader 'Universal Render Pipeline/Particles/Lit': fallback shader 'Universal Render Pipeline/Particles/SimpleLit' not found
Refreshing native plugins compatible for Editor in 1.26 ms, found 1 plugins.
Preloading 0 native plugins for Editor in 0.00 ms.
Unloading 2845 Unused Serialized files (Serialized files now loaded: 0)
System memory in use before: 126.6 MB.
System memory in use after: 126.7 MB.

Unloading 13 unused Assets to reduce memory usage. Loaded Objects now: 3423.
Total: 3.138500 ms (FindLiveObjects: 0.305500 ms CreateObjectMapping: 0.160100 ms MarkObjects: 2.508700 ms  DeleteObjects: 0.162900 ms)

========================================================================
Received Prepare
Registering precompiled user dll's ...
Registered in 0.002781 seconds.
Begin MonoManager ReloadAssembly
Native extension for WindowsStandalone target not found
Refreshing native plugins compatible for Editor in 0.81 ms, found 1 plugins.
Preloading 0 native plugins for Editor in 0.00 ms.
Invoked RoslynAnalysisRunner static constructor.
RoslynAnalysisRunner will not be running.
RoslynAnalysisRunner has terminated.
Mono: successfully reloaded assembly
- Completed reload, in  1.417 seconds
Platform modules already initialized, skipping
Shader 'Universal Render Pipeline/Particles/Lit': fallback shader 'Universal Render Pipeline/Particles/SimpleLit' not found
Refreshing native plugins compatible for Editor in 0.68 ms, found 1 plugins.
Preloading 0 native plugins for Editor in 0.00 ms.
Unloading 2845 Unused Serialized files (Serialized files now loaded: 0)
System memory in use before: 126.7 MB.
System memory in use after: 126.8 MB.

Unloading 13 unused Assets to reduce memory usage. Loaded Objects now: 3426.
Total: 6.014100 ms (FindLiveObjects: 0.962700 ms CreateObjectMapping: 0.420600 ms MarkObjects: 4.444400 ms  DeleteObjects: 0.184700 ms)

========================================================================
Received Prepare
Registering precompiled user dll's ...
Registered in 0.004106 seconds.
Begin MonoManager ReloadAssembly
Native extension for WindowsStandalone target not found
Refreshing native plugins compatible for Editor in 0.87 ms, found 1 plugins.
Preloading 0 native plugins for Editor in 0.00 ms.
Invoked RoslynAnalysisRunner static constructor.
RoslynAnalysisRunner will not be running.
RoslynAnalysisRunner has terminated.
Mono: successfully reloaded assembly
- Completed reload, in  1.425 seconds
Platform modules already initialized, skipping
Shader 'Universal Render Pipeline/Particles/Lit': fallback shader 'Universal Render Pipeline/Particles/SimpleLit' not found
Refreshing native plugins compatible for Editor in 0.65 ms, found 1 plugins.
Preloading 0 native plugins for Editor in 0.00 ms.
Unloading 2845 Unused Serialized files (Serialized files now loaded: 0)
System memory in use before: 126.7 MB.
System memory in use after: 126.8 MB.

Unloading 13 unused Assets to reduce memory usage. Loaded Objects now: 3429.
Total: 4.289700 ms (FindLiveObjects: 0.397100 ms CreateObjectMapping: 0.192400 ms MarkObjects: 3.558700 ms  DeleteObjects: 0.140100 ms)

========================================================================
Received Prepare
Registering precompiled user dll's ...
Registered in 0.005581 seconds.
Begin MonoManager ReloadAssembly
Native extension for WindowsStandalone target not found
Refreshing native plugins compatible for Editor in 1.15 ms, found 1 plugins.
Preloading 0 native plugins for Editor in 0.00 ms.
Invoked RoslynAnalysisRunner static constructor.
RoslynAnalysisRunner will not be running.
RoslynAnalysisRunner has terminated.
Mono: successfully reloaded assembly
- Completed reload, in  1.472 seconds
Platform modules already initialized, skipping
Shader 'Universal Render Pipeline/Particles/Lit': fallback shader 'Universal Render Pipeline/Particles/SimpleLit' not found
Refreshing native plugins compatible for Editor in 0.58 ms, found 1 plugins.
Preloading 0 native plugins for Editor in 0.00 ms.
Unloading 2845 Unused Serialized files (Serialized files now loaded: 0)
System memory in use before: 126.7 MB.
System memory in use after: 126.8 MB.

Unloading 13 unused Assets to reduce memory usage. Loaded Objects now: 3432.
Total: 3.300400 ms (FindLiveObjects: 0.412000 ms CreateObjectMapping: 0.313900 ms MarkObjects: 2.434600 ms  DeleteObjects: 0.138200 ms)

========================================================================
Received Prepare
Registering precompiled user dll's ...
Registered in 0.004992 seconds.
Begin MonoManager ReloadAssembly
Native extension for WindowsStandalone target not found
Refreshing native plugins compatible for Editor in 1.00 ms, found 1 plugins.
Preloading 0 native plugins for Editor in 0.00 ms.
Invoked RoslynAnalysisRunner static constructor.
RoslynAnalysisRunner will not be running.
RoslynAnalysisRunner has terminated.
Mono: successfully reloaded assembly
- Completed reload, in  3.363 seconds
Platform modules already initialized, skipping
Shader 'Universal Render Pipeline/Particles/Lit': fallback shader 'Universal Render Pipeline/Particles/SimpleLit' not found
Refreshing native plugins compatible for Editor in 0.77 ms, found 1 plugins.
Preloading 0 native plugins for Editor in 0.00 ms.
Unloading 2845 Unused Serialized files (Serialized files now loaded: 0)
System memory in use before: 126.7 MB.
System memory in use after: 126.8 MB.

Unloading 13 unused Assets to reduce memory usage. Loaded Objects now: 3435.
Total: 3.234000 ms (FindLiveObjects: 0.346300 ms CreateObjectMapping: 0.184900 ms MarkObjects: 2.532800 ms  DeleteObjects: 0.168600 ms)

========================================================================
Received Import Request.
  Time since last request: 752.060833 seconds.
  path: Assets/Prefabs/CanvasDialogue.prefab
  artifactKey: Guid(77eb7af40c29ca646900f9d8ba5b94e4) Importer(815301076,1909f56bfc062723c751e8b465ee728b)
Start importing Assets/Prefabs/CanvasDialogue.prefab using Guid(77eb7af40c29ca646900f9d8ba5b94e4) Importer(815301076,1909f56bfc062723c751e8b465ee728b)  -> (artifact id: 'fb94276fbb6626330d496a7f793c9658') in 0.069149 seconds
  Import took 0.076247 seconds .

========================================================================
Received Import Request.
  Time since last request: 0.000417 seconds.
  path: Assets/Prefabs/NPC.prefab
  artifactKey: Guid(d48ab50748c06d841a326691647a5e90) Importer(815301076,1909f56bfc062723c751e8b465ee728b)
Start importing Assets/Prefabs/NPC.prefab using Guid(d48ab50748c06d841a326691647a5e90) Importer(815301076,1909f56bfc062723c751e8b465ee728b)  -> (artifact id: '683eeceafb22076ddb9a291939633a8c') in 0.206725 seconds
  Import took 0.213097 seconds .

========================================================================
Received Import Request.
  Time since last request: 0.000348 seconds.
  path: Assets/Prefabs/Player.prefab
  artifactKey: Guid(3a875b2cdce40d345af112e6ecbd3177) Importer(815301076,1909f56bfc062723c751e8b465ee728b)
Start importing Assets/Prefabs/Player.prefab using Guid(3a875b2cdce40d345af112e6ecbd3177) Importer(815301076,1909f56bfc062723c751e8b465ee728b)  -> (artifact id: '5a46ac3bad2a2fdc8172d63ca8ca4737') in 0.024354 seconds
  Import took 0.159358 seconds .

========================================================================
Received Import Request.
  Time since last request: 0.000304 seconds.
  path: Assets/Prefabs/TimeMachine.prefab
  artifactKey: Guid(ed8e7eded7c986549a7d9965cb17554b) Importer(815301076,1909f56bfc062723c751e8b465ee728b)
Start importing Assets/Prefabs/TimeMachine.prefab using Guid(ed8e7eded7c986549a7d9965cb17554b) Importer(815301076,1909f56bfc062723c751e8b465ee728b)  -> (artifact id: 'c31b88d02c07b6d41247b1e764446776') in 0.013356 seconds
  Import took 0.019141 seconds .

========================================================================
Received Import Request.
  Time since last request: 0.000398 seconds.
  path: Assets/Prefabs/Obstacle.prefab
  artifactKey: Guid(b0c5680f01cdd36428c397be84bbce70) Importer(815301076,1909f56bfc062723c751e8b465ee728b)
Start importing Assets/Prefabs/Obstacle.prefab using Guid(b0c5680f01cdd36428c397be84bbce70) Importer(815301076,1909f56bfc062723c751e8b465ee728b)  -> (artifact id: 'adeca001f6e98f2fc1c852a3ea867997') in 0.022035 seconds
  Import took 0.063318 seconds .

========================================================================
Received Import Request.
  Time since last request: 0.000588 seconds.
  path: Assets/Prefabs/NPCEnemy.prefab
  artifactKey: Guid(92283d69095a6a646b3f65855a78e93e) Importer(815301076,1909f56bfc062723c751e8b465ee728b)
Start importing Assets/Prefabs/NPCEnemy.prefab using Guid(92283d69095a6a646b3f65855a78e93e) Importer(815301076,1909f56bfc062723c751e8b465ee728b)  -> (artifact id: '76d8eb609dc620db36342d3609bc0d73') in 0.025000 seconds
  Import took 0.032897 seconds .

========================================================================
Received Import Request.
  Time since last request: 0.000328 seconds.
  path: Assets/Prefabs/Photon.prefab
  artifactKey: Guid(c76480f9cfc9dfb4694b06662b80e60e) Importer(815301076,1909f56bfc062723c751e8b465ee728b)
Start importing Assets/Prefabs/Photon.prefab using Guid(c76480f9cfc9dfb4694b06662b80e60e) Importer(815301076,1909f56bfc062723c751e8b465ee728b)  -> (artifact id: 'c5a7906d067d49fc664ed00b791df368') in 0.030940 seconds
  Import took 0.041925 seconds .

========================================================================
Received Import Request.
  Time since last request: 0.000265 seconds.
  path: Assets/Prefabs/NPCEnemy.prefab
  artifactKey: Guid(92283d69095a6a646b3f65855a78e93e) Importer(815301076,1909f56bfc062723c751e8b465ee728b)
Start importing Assets/Prefabs/NPCEnemy.prefab using Guid(92283d69095a6a646b3f65855a78e93e) Importer(815301076,1909f56bfc062723c751e8b465ee728b)  -> (artifact id: '76d8eb609dc620db36342d3609bc0d73') in 0.018384 seconds
  Import took 0.025979 seconds .

========================================================================
Received Import Request.
  Time since last request: 91.648371 seconds.
  path: ProjectSettings/TagManager.asset
  artifactKey: Guid(00000000000000003000000000000000) Importer(815301076,1909f56bfc062723c751e8b465ee728b)
Start importing ProjectSettings/TagManager.asset using Guid(00000000000000003000000000000000) Importer(815301076,1909f56bfc062723c751e8b465ee728b)  -> (artifact id: '1d68e3e8a6167772b766c97a52c218dc') in 0.011442 seconds
  Import took 0.121696 seconds .

========================================================================
Received Import Request.
  Time since last request: 1361.053522 seconds.
  path: Packages/com.unity.render-pipelines.universal/Runtime/Materials/Lit.mat
  artifactKey: Guid(31321ba15b8f8eb4c954353edc038b1d) Importer(815301076,1909f56bfc062723c751e8b465ee728b)
Start importing Packages/com.unity.render-pipelines.universal/Runtime/Materials/Lit.mat using Guid(31321ba15b8f8eb4c954353edc038b1d) Importer(815301076,1909f56bfc062723c751e8b465ee728b)  -> (artifact id: 'd03a0d882bbb490297664aced566fd83') in 2.242740 seconds
  Import took 2.312289 seconds .

========================================================================
Received Import Request.
  Time since last request: 0.000448 seconds.
  path: Packages/com.unity.render-pipelines.universal/Runtime/Materials/ParticlesUnlit.mat
  artifactKey: Guid(e823cd5b5d27c0f4b8256e7c12ee3e6d) Importer(815301076,1909f56bfc062723c751e8b465ee728b)
Start importing Packages/com.unity.render-pipelines.universal/Runtime/Materials/ParticlesUnlit.mat using Guid(e823cd5b5d27c0f4b8256e7c12ee3e6d) Importer(815301076,1909f56bfc062723c751e8b465ee728b)  -> (artifact id: '20b200bd05be555bffde07671eddcfe7') in 0.111279 seconds
  Import took 0.124253 seconds .

========================================================================
Received Import Request.
  Time since last request: 0.000255 seconds.
  path: Packages/com.unity.render-pipelines.universal/Runtime/Materials/TerrainLit.mat
  artifactKey: Guid(594ea882c5a793440b60ff72d896021e) Importer(815301076,1909f56bfc062723c751e8b465ee728b)
Start importing Packages/com.unity.render-pipelines.universal/Runtime/Materials/TerrainLit.mat using Guid(594ea882c5a793440b60ff72d896021e) Importer(815301076,1909f56bfc062723c751e8b465ee728b)  -> (artifact id: '578dabe917b7d364c2878835d5e603e7') in 0.078486 seconds
  Import took 0.196611 seconds .

========================================================================
Received Import Request.
  Time since last request: 0.000419 seconds.
  path: Packages/com.unity.render-pipelines.universal/Runtime/Materials/ParticlesUnlit.mat
  artifactKey: Guid(e823cd5b5d27c0f4b8256e7c12ee3e6d) Importer(815301076,1909f56bfc062723c751e8b465ee728b)
Start importing Packages/com.unity.render-pipelines.universal/Runtime/Materials/ParticlesUnlit.mat using Guid(e823cd5b5d27c0f4b8256e7c12ee3e6d) Importer(815301076,1909f56bfc062723c751e8b465ee728b)  -> (artifact id: '20b200bd05be555bffde07671eddcfe7') in 0.060384 seconds
  Import took 0.091936 seconds .

========================================================================
Received Import Request.
  Time since last request: 0.000260 seconds.
  path: Packages/com.unity.render-pipelines.universal/Runtime/Materials/Sprite-Unlit-Default.mat
  artifactKey: Guid(9dfc825aed78fcd4ba02077103263b40) Importer(815301076,1909f56bfc062723c751e8b465ee728b)
Start importing Packages/com.unity.render-pipelines.universal/Runtime/Materials/Sprite-Unlit-Default.mat using Guid(9dfc825aed78fcd4ba02077103263b40) Importer(815301076,1909f56bfc062723c751e8b465ee728b)  -> (artifact id: '19c897745270c55967790f2e85b7c313') in 0.061603 seconds
  Import took 0.113707 seconds .

========================================================================
Received Import Request.
  Time since last request: 0.000270 seconds.
  path: Packages/com.unity.render-pipelines.universal/Runtime/Materials/SimpleLit.mat
  artifactKey: Guid(6a1143ee683302f4aa628c052723efc1) Importer(815301076,1909f56bfc062723c751e8b465ee728b)
Start importing Packages/com.unity.render-pipelines.universal/Runtime/Materials/SimpleLit.mat using Guid(6a1143ee683302f4aa628c052723efc1) Importer(815301076,1909f56bfc062723c751e8b465ee728b)  -> (artifact id: '3afa7b822bf1d37ba303b41f2df64839') in 0.434304 seconds
  Import took 0.472869 seconds .

========================================================================
Received Import Request.
  Time since last request: 0.001224 seconds.
  path: Packages/com.unity.render-pipelines.universal/Runtime/Materials/Sprite-Lit-Default.mat
  artifactKey: Guid(a97c105638bdf8b4a8650670310a4cd3) Importer(815301076,1909f56bfc062723c751e8b465ee728b)
Start importing Packages/com.unity.render-pipelines.universal/Runtime/Materials/Sprite-Lit-Default.mat using Guid(a97c105638bdf8b4a8650670310a4cd3) Importer(815301076,1909f56bfc062723c751e8b465ee728b)  -> (artifact id: 'f1748051e9feab6b8e7fc0706fb504d9') in 0.126219 seconds
  Import took 0.190526 seconds .

========================================================================
Received Import Request.
  Time since last request: 0.000366 seconds.
  path: Packages/com.unity.render-pipelines.universal/Runtime/Materials/SimpleLit.mat
  artifactKey: Guid(6a1143ee683302f4aa628c052723efc1) Importer(815301076,1909f56bfc062723c751e8b465ee728b)
Start importing Packages/com.unity.render-pipelines.universal/Runtime/Materials/SimpleLit.mat using Guid(6a1143ee683302f4aa628c052723efc1) Importer(815301076,1909f56bfc062723c751e8b465ee728b)  -> (artifact id: '3afa7b822bf1d37ba303b41f2df64839') in 0.065017 seconds
  Import took 0.078751 seconds .

========================================================================
Received Import Request.
  Time since last request: 0.000378 seconds.
  path: Packages/com.unity.render-pipelines.universal/Runtime/Materials/Sprite-Lit-Default.mat
  artifactKey: Guid(a97c105638bdf8b4a8650670310a4cd3) Importer(815301076,1909f56bfc062723c751e8b465ee728b)
Start importing Packages/com.unity.render-pipelines.universal/Runtime/Materials/Sprite-Lit-Default.mat using Guid(a97c105638bdf8b4a8650670310a4cd3) Importer(815301076,1909f56bfc062723c751e8b465ee728b)  -> (artifact id: 'f1748051e9feab6b8e7fc0706fb504d9') in 0.059936 seconds
  Import took 0.070414 seconds .

========================================================================
Received Import Request.
  Time since last request: 0.000258 seconds.
  path: Packages/com.unity.render-pipelines.universal/Runtime/Materials/Lit.mat
  artifactKey: Guid(31321ba15b8f8eb4c954353edc038b1d) Importer(815301076,1909f56bfc062723c751e8b465ee728b)
Start importing Packages/com.unity.render-pipelines.universal/Runtime/Materials/Lit.mat using Guid(31321ba15b8f8eb4c954353edc038b1d) Importer(815301076,1909f56bfc062723c751e8b465ee728b)  -> (artifact id: 'd03a0d882bbb490297664aced566fd83') in 0.065481 seconds
  Import took 0.107612 seconds .

========================================================================
Received Import Request.
  Time since last request: 1.834454 seconds.
  path: Packages/com.unity.searcher/Editor/Resources/FlatSkin/Font/Roboto-Medium.ttf
  artifactKey: Guid(a51a3aebb43ac044989270407476b208) Importer(815301076,1909f56bfc062723c751e8b465ee728b)
Start importing Packages/com.unity.searcher/Editor/Resources/FlatSkin/Font/Roboto-Medium.ttf using Guid(a51a3aebb43ac044989270407476b208) Importer(815301076,1909f56bfc062723c751e8b465ee728b)  -> (artifact id: '0b0b4c785e5bdbe913dd18cd3c2fb38b') in 0.352939 seconds
  Import took 0.399770 seconds .

========================================================================
Received Import Request.
  Time since last request: 0.000259 seconds.
  path: Packages/com.unity.searcher/Editor/Resources/FlatSkin/Font/Roboto-BlackItalic.ttf
  artifactKey: Guid(f95147a9bab9fe649b8070170fa7ebd2) Importer(815301076,1909f56bfc062723c751e8b465ee728b)
Start importing Packages/com.unity.searcher/Editor/Resources/FlatSkin/Font/Roboto-BlackItalic.ttf using Guid(f95147a9bab9fe649b8070170fa7ebd2) Importer(815301076,1909f56bfc062723c751e8b465ee728b)  -> (artifact id: 'fb76edb6e8852bddd82de70c97810db1') in 0.229773 seconds
  Import took 0.246581 seconds .

========================================================================
Received Import Request.
  Time since last request: 0.000432 seconds.
  path: Packages/com.unity.searcher/Editor/Resources/FlatSkin/Font/Roboto-Bold.ttf
  artifactKey: Guid(3750c318f40cab44a97d3a81beaefeb3) Importer(815301076,1909f56bfc062723c751e8b465ee728b)
Start importing Packages/com.unity.searcher/Editor/Resources/FlatSkin/Font/Roboto-Bold.ttf using Guid(3750c318f40cab44a97d3a81beaefeb3) Importer(815301076,1909f56bfc062723c751e8b465ee728b)  -> (artifact id: 'c5d390fd970060370f0f001e5f4bf6a7') in 0.084156 seconds
  Import took 0.104320 seconds .

========================================================================
Received Import Request.
  Time since last request: 0.000451 seconds.
  path: Packages/com.unity.searcher/Editor/Resources/FlatSkin/Font/Roboto-Italic.ttf
  artifactKey: Guid(c839255fc8f6b4b4d90bf8c1af9f9bd1) Importer(815301076,1909f56bfc062723c751e8b465ee728b)
Start importing Packages/com.unity.searcher/Editor/Resources/FlatSkin/Font/Roboto-Italic.ttf using Guid(c839255fc8f6b4b4d90bf8c1af9f9bd1) Importer(815301076,1909f56bfc062723c751e8b465ee728b)  -> (artifact id: '270e278c3ab940908048bd642018c7f9') in 0.074907 seconds
  Import took 0.117144 seconds .

========================================================================
Received Import Request.
  Time since last request: 0.000247 seconds.
  path: Packages/com.unity.searcher/Editor/Resources/FlatSkin/Font/Roboto-Black.ttf
  artifactKey: Guid(1062c701058745940ae5dca6219c64c8) Importer(815301076,1909f56bfc062723c751e8b465ee728b)
Start importing Packages/com.unity.searcher/Editor/Resources/FlatSkin/Font/Roboto-Black.ttf using Guid(1062c701058745940ae5dca6219c64c8) Importer(815301076,1909f56bfc062723c751e8b465ee728b)  -> (artifact id: '21601674f811dad37c2fe105be8377fa') in 0.088322 seconds
  Import took 0.099847 seconds .

========================================================================
Received Import Request.
  Time since last request: 0.000288 seconds.
  path: Packages/com.unity.render-pipelines.core/Runtime/Debugging/Prefabs/Fonts/Perfect DOS VGA 437.ttf
  artifactKey: Guid(74a5091d8707f334b9a5c31ef71a64ba) Importer(815301076,1909f56bfc062723c751e8b465ee728b)
Start importing Packages/com.unity.render-pipelines.core/Runtime/Debugging/Prefabs/Fonts/Perfect DOS VGA 437.ttf using Guid(74a5091d8707f334b9a5c31ef71a64ba) Importer(815301076,1909f56bfc062723c751e8b465ee728b)  -> (artifact id: 'e23adfbd529b726244f8e5ef6278e736') in 0.072455 seconds
  Import took 0.112093 seconds .

========================================================================
Received Import Request.
  Time since last request: 0.000258 seconds.
  path: Packages/com.unity.searcher/Editor/Resources/FlatSkin/Font/Roboto-BoldItalic.ttf
  artifactKey: Guid(dfb97a9307a577a41bcacba34b9a7e32) Importer(815301076,1909f56bfc062723c751e8b465ee728b)
Start importing Packages/com.unity.searcher/Editor/Resources/FlatSkin/Font/Roboto-BoldItalic.ttf using Guid(dfb97a9307a577a41bcacba34b9a7e32) Importer(815301076,1909f56bfc062723c751e8b465ee728b)  -> (artifact id: 'aceaa535b866a5dab6c5cafa77ab38da') in 0.060516 seconds
  Import took 0.115077 seconds .

========================================================================
Received Import Request.
  Time since last request: 0.000403 seconds.
  path: Assets/Sprites/NPCs/Materials/NPC_WW2_2.mat
  artifactKey: Guid(252accdf3d7fc6142b5aa2043c884508) Importer(815301076,1909f56bfc062723c751e8b465ee728b)
Start importing Assets/Sprites/NPCs/Materials/NPC_WW2_2.mat using Guid(252accdf3d7fc6142b5aa2043c884508) Importer(815301076,1909f56bfc062723c751e8b465ee728b)  -> (artifact id: '09778973e5ed6f0c2492a6595af99a62') in 0.110650 seconds
  Import took 0.150376 seconds .

========================================================================
Received Import Request.
  Time since last request: 0.253222 seconds.
  path: Assets/Fonts/6809 chargen.ttf
  artifactKey: Guid(a36cfdc9f587a7a468809ce4d1551cc9) Importer(815301076,1909f56bfc062723c751e8b465ee728b)
Start importing Assets/Fonts/6809 chargen.ttf using Guid(a36cfdc9f587a7a468809ce4d1551cc9) Importer(815301076,1909f56bfc062723c751e8b465ee728b)  -> (artifact id: '957a3512a4c823a87174517204501543') in 0.259824 seconds
  Import took 0.335885 seconds .

========================================================================
Received Import Request.
  Time since last request: 0.000266 seconds.
  path: Packages/com.unity.searcher/Editor/Resources/FlatSkin/Font/Roboto-Thin.ttf
  artifactKey: Guid(19a9abb883540be48b75b951a927ae03) Importer(815301076,1909f56bfc062723c751e8b465ee728b)
Start importing Packages/com.unity.searcher/Editor/Resources/FlatSkin/Font/Roboto-Thin.ttf using Guid(19a9abb883540be48b75b951a927ae03) Importer(815301076,1909f56bfc062723c751e8b465ee728b)  -> (artifact id: '47320c07c79f316ae47511922ece5c82') in 0.057589 seconds
  Import took 0.119534 seconds .

========================================================================
Received Import Request.
  Time since last request: 0.000295 seconds.
  path: Packages/com.unity.searcher/Editor/Resources/FlatSkin/Font/Roboto-MediumItalic.ttf
  artifactKey: Guid(d93c1bc57fdf1ac4dad1bf04fac05464) Importer(815301076,1909f56bfc062723c751e8b465ee728b)
Start importing Packages/com.unity.searcher/Editor/Resources/FlatSkin/Font/Roboto-MediumItalic.ttf using Guid(d93c1bc57fdf1ac4dad1bf04fac05464) Importer(815301076,1909f56bfc062723c751e8b465ee728b)  -> (artifact id: '304246526fad595bc5bb154190934ecf') in 0.068026 seconds
  Import took 0.106335 seconds .

========================================================================
Received Import Request.
  Time since last request: 0.000359 seconds.
  path: Packages/com.unity.searcher/Editor/Resources/FlatSkin/Font/Roboto-ThinItalic.ttf
  artifactKey: Guid(b2ea3b3f1765e544b9eb5bd1a93a91ce) Importer(815301076,1909f56bfc062723c751e8b465ee728b)
Start importing Packages/com.unity.searcher/Editor/Resources/FlatSkin/Font/Roboto-ThinItalic.ttf using Guid(b2ea3b3f1765e544b9eb5bd1a93a91ce) Importer(815301076,1909f56bfc062723c751e8b465ee728b)  -> (artifact id: '663e6ebbd16720315a78351eef243f05') in 0.069991 seconds
  Import took 0.098346 seconds .

========================================================================
Received Import Request.
  Time since last request: 0.000244 seconds.
  path: Packages/com.unity.searcher/Editor/Resources/FlatSkin/Font/Roboto-Regular.ttf
  artifactKey: Guid(30dc370b164eefc43b95744fc796dad0) Importer(815301076,1909f56bfc062723c751e8b465ee728b)
Start importing Packages/com.unity.searcher/Editor/Resources/FlatSkin/Font/Roboto-Regular.ttf using Guid(30dc370b164eefc43b95744fc796dad0) Importer(815301076,1909f56bfc062723c751e8b465ee728b)  -> (artifact id: '27248ebbe0148bbef7c5b33980eec8bc') in 0.061630 seconds
  Import took 0.069230 seconds .

========================================================================
Received Import Request.
  Time since last request: 0.000237 seconds.
  path: Packages/com.unity.searcher/Editor/Resources/FlatSkin/Font/Roboto-Light.ttf
  artifactKey: Guid(2a29e27936eb547458f646f71125b264) Importer(815301076,1909f56bfc062723c751e8b465ee728b)
Start importing Packages/com.unity.searcher/Editor/Resources/FlatSkin/Font/Roboto-Light.ttf using Guid(2a29e27936eb547458f646f71125b264) Importer(815301076,1909f56bfc062723c751e8b465ee728b)  -> (artifact id: '8b6715083ff3d105d238b2cbca6f6850') in 0.055956 seconds
  Import took 0.103271 seconds .

========================================================================
Received Import Request.
  Time since last request: 0.000209 seconds.
  path: Packages/com.unity.searcher/Editor/Resources/FlatSkin/Font/Roboto-LightItalic.ttf
  artifactKey: Guid(5e63515167650a541b309ba3bfd4db3d) Importer(815301076,1909f56bfc062723c751e8b465ee728b)
Start importing Packages/com.unity.searcher/Editor/Resources/FlatSkin/Font/Roboto-LightItalic.ttf using Guid(5e63515167650a541b309ba3bfd4db3d) Importer(815301076,1909f56bfc062723c751e8b465ee728b)  -> (artifact id: '5c370fbdd674a71da32c48c6abd1877d') in 0.050408 seconds
  Import took 0.076053 seconds .

AssetImportWorkerClient::OnTransportError - code=2 error=End of file
