Using pre-set license
Built from '2020.2/staging' branch; Version is '2020.2.6f1 (8a2143876886) revision 9052483'; Using compiler version '192528614'; Build Type 'Release'
OS: 'Windows 10 Home Single Language; OS build 19041.1083; Version 2004; 64bit' Language: 'es' Physical Memory: 8148 MB
BatchMode: 1, IsHumanControllingUs: 0, StartBugReporterOnCrash: 0, Is64bit: 1, IsPro: 0

 COMMAND LINE ARGUMENTS:
D:\Unity\2020.2.6f1\Editor\Unity.exe
-adb2
-batchMode
-noUpm
-name
AssetImportWorker1
-projectPath
D:/Unity/GAMEJAM/TheSecretTimeline/The secret timeline/TheSecretTimeline-Repo
-logFile
Logs/AssetImportWorker1.log
-srvPort
51059
Successfully changed project path to: D:/Unity/GAMEJAM/TheSecretTimeline/The secret timeline/TheSecretTimeline-Repo
D:/Unity/GAMEJAM/TheSecretTimeline/The secret timeline/TheSecretTimeline-Repo
Using Asset Import Pipeline V2.
Refreshing native plugins compatible for Editor in 77.00 ms, found 1 plugins.
Preloading 0 native plugins for Editor in 0.00 ms.
Initialize engine version: 2020.2.6f1 (8a2143876886)
[Subsystems] Discovering subsystems at path D:/Unity/2020.2.6f1/Editor/Data/Resources/UnitySubsystems
[Subsystems] Discovering subsystems at path D:/Unity/GAMEJAM/TheSecretTimeline/The secret timeline/TheSecretTimeline-Repo/Assets
GfxDevice: creating device client; threaded=0
Direct3D:
    Version:  Direct3D 11.0 [level 11.1]
    Renderer: NVIDIA GeForce GTX 1060 (ID=0x1c20)
    Vendor:   
    VRAM:     2987 MB
    Driver:   27.21.14.5167
Shader 'Universal Render Pipeline/Particles/Lit': fallback shader 'Universal Render Pipeline/Particles/SimpleLit' not found
Initialize mono
Mono path[0] = 'D:/Unity/2020.2.6f1/Editor/Data/Managed'
Mono path[1] = 'D:/Unity/2020.2.6f1/Editor/Data/MonoBleedingEdge/lib/mono/unityjit'
Mono config path = 'D:/Unity/2020.2.6f1/Editor/Data/MonoBleedingEdge/etc'
Using monoOptions --debugger-agent=transport=dt_socket,embedding=1,server=y,suspend=n,address=127.0.0.1:56660
Begin MonoManager ReloadAssembly
Registering precompiled unity dll's ...
Register platform support module: D:/Unity/2020.2.6f1/Editor/Data/PlaybackEngines/WindowsStandaloneSupport/UnityEditor.WindowsStandalone.Extensions.dll
Registered in 0.001907 seconds.
Native extension for WindowsStandalone target not found
Refreshing native plugins compatible for Editor in 85.80 ms, found 1 plugins.
Preloading 0 native plugins for Editor in 0.00 ms.
Invoked RoslynAnalysisRunner static constructor.
RoslynAnalysisRunner will not be running.
RoslynAnalysisRunner has terminated.
Mono: successfully reloaded assembly
- Completed reload, in 16.240 seconds
Platform modules already initialized, skipping
Registering precompiled user dll's ...
Registered in 0.002443 seconds.
Begin MonoManager ReloadAssembly
Native extension for WindowsStandalone target not found
Refreshing native plugins compatible for Editor in 85.16 ms, found 1 plugins.
Preloading 0 native plugins for Editor in 0.00 ms.
Invoked RoslynAnalysisRunner static constructor.
RoslynAnalysisRunner will not be running.
RoslynAnalysisRunner has terminated.
Mono: successfully reloaded assembly
- Completed reload, in  3.185 seconds
Platform modules already initialized, skipping
========================================================================
Worker process is ready to serve import requests
Shader 'Universal Render Pipeline/Particles/Lit': fallback shader 'Universal Render Pipeline/Particles/SimpleLit' not found
Launched and connected shader compiler UnityShaderCompiler.exe after 0.39 seconds
Refreshing native plugins compatible for Editor in 1.79 ms, found 1 plugins.
Preloading 0 native plugins for Editor in 0.00 ms.
Unloading 2955 Unused Serialized files (Serialized files now loaded: 0)
System memory in use before: 129.6 MB.
System memory in use after: 129.7 MB.

Unloading 25 unused Assets to reduce memory usage. Loaded Objects now: 3397.
Total: 5.232400 ms (FindLiveObjects: 0.826000 ms CreateObjectMapping: 0.299800 ms MarkObjects: 3.920500 ms  DeleteObjects: 0.183700 ms)

========================================================================
Received Import Request.
  path: Assets/Sprites/Objetos Normales/Huevo.png
  artifactKey: Guid(111afff6498054efd99e4a4f88209717) Importer(815301076,1909f56bfc062723c751e8b465ee728b)
Start importing Assets/Sprites/Objetos Normales/Huevo.png using Guid(111afff6498054efd99e4a4f88209717) Importer(815301076,1909f56bfc062723c751e8b465ee728b)  -> (artifact id: '588151dde3402c35f399cb5cf28f481a') in 0.192041 seconds
  Import took 0.205753 seconds .

========================================================================
Received Prepare
Registering precompiled user dll's ...
Registered in 0.002478 seconds.
Begin MonoManager ReloadAssembly
Native extension for WindowsStandalone target not found
Refreshing native plugins compatible for Editor in 0.56 ms, found 1 plugins.
Preloading 0 native plugins for Editor in 0.00 ms.
Invoked RoslynAnalysisRunner static constructor.
RoslynAnalysisRunner will not be running.
RoslynAnalysisRunner has terminated.
Mono: successfully reloaded assembly
- Completed reload, in  1.426 seconds
Platform modules already initialized, skipping
Shader 'Universal Render Pipeline/Particles/Lit': fallback shader 'Universal Render Pipeline/Particles/SimpleLit' not found
Refreshing native plugins compatible for Editor in 0.57 ms, found 1 plugins.
Preloading 0 native plugins for Editor in 0.00 ms.
Unloading 2846 Unused Serialized files (Serialized files now loaded: 0)
System memory in use before: 126.8 MB.
System memory in use after: 126.9 MB.

Unloading 13 unused Assets to reduce memory usage. Loaded Objects now: 3406.
Total: 4.839100 ms (FindLiveObjects: 0.380300 ms CreateObjectMapping: 0.206000 ms MarkObjects: 3.951500 ms  DeleteObjects: 0.299500 ms)

========================================================================
Received Import Request.
  Time since last request: 205.972856 seconds.
  path: Assets/Scenes/Prehistoria_1.unity
  artifactKey: Guid(81d5e6733e15f4ebeb86813df0cbf3d2) Importer(815301076,1909f56bfc062723c751e8b465ee728b)
Start importing Assets/Scenes/Prehistoria_1.unity using Guid(81d5e6733e15f4ebeb86813df0cbf3d2) Importer(815301076,1909f56bfc062723c751e8b465ee728b)  -> (artifact id: '72a7830eaad47ff23601c2a495fec190') in 0.025334 seconds
  Import took 0.031468 seconds .

========================================================================
Received Prepare
Registering precompiled user dll's ...
Registered in 0.002675 seconds.
Begin MonoManager ReloadAssembly
Native extension for WindowsStandalone target not found
Refreshing native plugins compatible for Editor in 0.63 ms, found 1 plugins.
Preloading 0 native plugins for Editor in 0.00 ms.
Invoked RoslynAnalysisRunner static constructor.
RoslynAnalysisRunner will not be running.
RoslynAnalysisRunner has terminated.
Mono: successfully reloaded assembly
- Completed reload, in  1.749 seconds
Platform modules already initialized, skipping
Shader 'Universal Render Pipeline/Particles/Lit': fallback shader 'Universal Render Pipeline/Particles/SimpleLit' not found
Refreshing native plugins compatible for Editor in 1.04 ms, found 1 plugins.
Preloading 0 native plugins for Editor in 0.00 ms.
Unloading 2846 Unused Serialized files (Serialized files now loaded: 0)
System memory in use before: 126.8 MB.
System memory in use after: 126.9 MB.

Unloading 13 unused Assets to reduce memory usage. Loaded Objects now: 3409.
Total: 4.964600 ms (FindLiveObjects: 0.805900 ms CreateObjectMapping: 0.464600 ms MarkObjects: 3.539500 ms  DeleteObjects: 0.152300 ms)

========================================================================
Received Prepare
Registering precompiled user dll's ...
Registered in 0.002543 seconds.
Begin MonoManager ReloadAssembly
Native extension for WindowsStandalone target not found
Refreshing native plugins compatible for Editor in 0.59 ms, found 1 plugins.
Preloading 0 native plugins for Editor in 0.00 ms.
Invoked RoslynAnalysisRunner static constructor.
RoslynAnalysisRunner will not be running.
RoslynAnalysisRunner has terminated.
Mono: successfully reloaded assembly
- Completed reload, in  1.559 seconds
Platform modules already initialized, skipping
Shader 'Universal Render Pipeline/Particles/Lit': fallback shader 'Universal Render Pipeline/Particles/SimpleLit' not found
Refreshing native plugins compatible for Editor in 0.69 ms, found 1 plugins.
Preloading 0 native plugins for Editor in 0.00 ms.
Unloading 2846 Unused Serialized files (Serialized files now loaded: 0)
System memory in use before: 126.8 MB.
System memory in use after: 126.9 MB.

Unloading 13 unused Assets to reduce memory usage. Loaded Objects now: 3412.
Total: 3.243100 ms (FindLiveObjects: 0.350200 ms CreateObjectMapping: 0.209000 ms MarkObjects: 2.540600 ms  DeleteObjects: 0.141800 ms)

========================================================================
Received Prepare
Registering precompiled user dll's ...
Registered in 0.001985 seconds.
Begin MonoManager ReloadAssembly
Native extension for WindowsStandalone target not found
Refreshing native plugins compatible for Editor in 0.63 ms, found 1 plugins.
Preloading 0 native plugins for Editor in 0.00 ms.
Invoked RoslynAnalysisRunner static constructor.
RoslynAnalysisRunner will not be running.
RoslynAnalysisRunner has terminated.
Mono: successfully reloaded assembly
- Completed reload, in  1.318 seconds
Platform modules already initialized, skipping
Shader 'Universal Render Pipeline/Particles/Lit': fallback shader 'Universal Render Pipeline/Particles/SimpleLit' not found
Refreshing native plugins compatible for Editor in 0.63 ms, found 1 plugins.
Preloading 0 native plugins for Editor in 0.00 ms.
Unloading 2846 Unused Serialized files (Serialized files now loaded: 0)
System memory in use before: 126.9 MB.
System memory in use after: 127.0 MB.

Unloading 13 unused Assets to reduce memory usage. Loaded Objects now: 3415.
Total: 3.280300 ms (FindLiveObjects: 0.325800 ms CreateObjectMapping: 0.168000 ms MarkObjects: 2.514100 ms  DeleteObjects: 0.270400 ms)

========================================================================
Received Prepare
Registering precompiled user dll's ...
Registered in 0.004864 seconds.
Begin MonoManager ReloadAssembly
Native extension for WindowsStandalone target not found
Refreshing native plugins compatible for Editor in 0.68 ms, found 1 plugins.
Preloading 0 native plugins for Editor in 0.00 ms.
Invoked RoslynAnalysisRunner static constructor.
RoslynAnalysisRunner will not be running.
RoslynAnalysisRunner has terminated.
Mono: successfully reloaded assembly
- Completed reload, in  1.970 seconds
Platform modules already initialized, skipping
Shader 'Universal Render Pipeline/Particles/Lit': fallback shader 'Universal Render Pipeline/Particles/SimpleLit' not found
Refreshing native plugins compatible for Editor in 0.62 ms, found 1 plugins.
Preloading 0 native plugins for Editor in 0.00 ms.
Unloading 2846 Unused Serialized files (Serialized files now loaded: 0)
System memory in use before: 126.9 MB.
System memory in use after: 127.0 MB.

Unloading 13 unused Assets to reduce memory usage. Loaded Objects now: 3418.
Total: 3.230900 ms (FindLiveObjects: 0.373900 ms CreateObjectMapping: 0.190300 ms MarkObjects: 2.532300 ms  DeleteObjects: 0.132400 ms)

========================================================================
Received Prepare
Registering precompiled user dll's ...
Registered in 0.002507 seconds.
Begin MonoManager ReloadAssembly
Native extension for WindowsStandalone target not found
Refreshing native plugins compatible for Editor in 0.60 ms, found 1 plugins.
Preloading 0 native plugins for Editor in 0.00 ms.
Invoked RoslynAnalysisRunner static constructor.
RoslynAnalysisRunner will not be running.
RoslynAnalysisRunner has terminated.
Mono: successfully reloaded assembly
- Completed reload, in  1.585 seconds
Platform modules already initialized, skipping
Shader 'Universal Render Pipeline/Particles/Lit': fallback shader 'Universal Render Pipeline/Particles/SimpleLit' not found
Refreshing native plugins compatible for Editor in 0.76 ms, found 1 plugins.
Preloading 0 native plugins for Editor in 0.00 ms.
Unloading 2846 Unused Serialized files (Serialized files now loaded: 0)
System memory in use before: 126.9 MB.
System memory in use after: 127.0 MB.

Unloading 13 unused Assets to reduce memory usage. Loaded Objects now: 3421.
Total: 3.477500 ms (FindLiveObjects: 0.376100 ms CreateObjectMapping: 0.249200 ms MarkObjects: 2.690500 ms  DeleteObjects: 0.160200 ms)

========================================================================
Received Import Request.
  Time since last request: 1268.191880 seconds.
  path: Assets/Scripts/Doors.cs
  artifactKey: Guid(771e0aa9e8652ca4fb42cd6be786cb18) Importer(815301076,1909f56bfc062723c751e8b465ee728b)
Start importing Assets/Scripts/Doors.cs using Guid(771e0aa9e8652ca4fb42cd6be786cb18) Importer(815301076,1909f56bfc062723c751e8b465ee728b)  -> (artifact id: '07214072a809928b48e20e2841d6b419') in 0.033546 seconds
  Import took 0.044249 seconds .

========================================================================
Received Import Request.
  Time since last request: 237.584510 seconds.
  path: Assets/Scripts/PlaceItem.cs
  artifactKey: Guid(9eaa2fab72ddd9340b39678902b2136e) Importer(815301076,1909f56bfc062723c751e8b465ee728b)
Start importing Assets/Scripts/PlaceItem.cs using Guid(9eaa2fab72ddd9340b39678902b2136e) Importer(815301076,1909f56bfc062723c751e8b465ee728b)  -> (artifact id: 'f160925a2ba5ed5b438833253e85d957') in 0.008221 seconds
  Import took 0.015967 seconds .

========================================================================
Received Import Request.
  Time since last request: 0.001155 seconds.
  path: Assets/Scripts/PlaceItem.cs
  artifactKey: Guid(9eaa2fab72ddd9340b39678902b2136e) Importer(815301076,1909f56bfc062723c751e8b465ee728b)
Start importing Assets/Scripts/PlaceItem.cs using Guid(9eaa2fab72ddd9340b39678902b2136e) Importer(815301076,1909f56bfc062723c751e8b465ee728b)  -> (artifact id: 'f160925a2ba5ed5b438833253e85d957') in 0.004418 seconds
  Import took 0.013013 seconds .

========================================================================
Received Prepare
Registering precompiled user dll's ...
Registered in 0.002646 seconds.
Begin MonoManager ReloadAssembly
Native extension for WindowsStandalone target not found
Refreshing native plugins compatible for Editor in 0.80 ms, found 1 plugins.
Preloading 0 native plugins for Editor in 0.00 ms.
Invoked RoslynAnalysisRunner static constructor.
RoslynAnalysisRunner will not be running.
RoslynAnalysisRunner has terminated.
Mono: successfully reloaded assembly
- Completed reload, in  2.061 seconds
Platform modules already initialized, skipping
Shader 'Universal Render Pipeline/Particles/Lit': fallback shader 'Universal Render Pipeline/Particles/SimpleLit' not found
Refreshing native plugins compatible for Editor in 0.87 ms, found 1 plugins.
Preloading 0 native plugins for Editor in 0.00 ms.
Unloading 2846 Unused Serialized files (Serialized files now loaded: 0)
System memory in use before: 126.9 MB.
System memory in use after: 127.0 MB.

Unloading 13 unused Assets to reduce memory usage. Loaded Objects now: 3424.
Total: 3.836400 ms (FindLiveObjects: 0.355700 ms CreateObjectMapping: 0.253000 ms MarkObjects: 3.095800 ms  DeleteObjects: 0.130100 ms)

========================================================================
Received Prepare
Registering precompiled user dll's ...
Registered in 0.003020 seconds.
Begin MonoManager ReloadAssembly
Native extension for WindowsStandalone target not found
Refreshing native plugins compatible for Editor in 0.89 ms, found 1 plugins.
Preloading 0 native plugins for Editor in 0.00 ms.
Invoked RoslynAnalysisRunner static constructor.
RoslynAnalysisRunner will not be running.
RoslynAnalysisRunner has terminated.
Mono: successfully reloaded assembly
- Completed reload, in  1.573 seconds
Platform modules already initialized, skipping
Shader 'Universal Render Pipeline/Particles/Lit': fallback shader 'Universal Render Pipeline/Particles/SimpleLit' not found
Refreshing native plugins compatible for Editor in 0.71 ms, found 1 plugins.
Preloading 0 native plugins for Editor in 0.00 ms.
Unloading 2846 Unused Serialized files (Serialized files now loaded: 0)
System memory in use before: 126.9 MB.
System memory in use after: 127.0 MB.

Unloading 13 unused Assets to reduce memory usage. Loaded Objects now: 3427.
Total: 3.043300 ms (FindLiveObjects: 0.347800 ms CreateObjectMapping: 0.183800 ms MarkObjects: 2.365700 ms  DeleteObjects: 0.144700 ms)

========================================================================
Received Prepare
Registering precompiled user dll's ...
Registered in 0.002089 seconds.
Begin MonoManager ReloadAssembly
Native extension for WindowsStandalone target not found
Refreshing native plugins compatible for Editor in 0.73 ms, found 1 plugins.
Preloading 0 native plugins for Editor in 0.00 ms.
Invoked RoslynAnalysisRunner static constructor.
RoslynAnalysisRunner will not be running.
RoslynAnalysisRunner has terminated.
Mono: successfully reloaded assembly
- Completed reload, in  1.446 seconds
Platform modules already initialized, skipping
Shader 'Universal Render Pipeline/Particles/Lit': fallback shader 'Universal Render Pipeline/Particles/SimpleLit' not found
Refreshing native plugins compatible for Editor in 0.63 ms, found 1 plugins.
Preloading 0 native plugins for Editor in 0.00 ms.
Unloading 2846 Unused Serialized files (Serialized files now loaded: 0)
System memory in use before: 126.9 MB.
System memory in use after: 127.0 MB.

Unloading 13 unused Assets to reduce memory usage. Loaded Objects now: 3430.
Total: 3.551800 ms (FindLiveObjects: 0.432300 ms CreateObjectMapping: 0.296700 ms MarkObjects: 2.671600 ms  DeleteObjects: 0.149200 ms)

========================================================================
Received Import Request.
  Time since last request: 566.738687 seconds.
  path: Assets/Scripts/EnemyFollow.cs
  artifactKey: Guid(53c3f7c9b7cb61a408179a01ca9606d1) Importer(815301076,1909f56bfc062723c751e8b465ee728b)
Start importing Assets/Scripts/EnemyFollow.cs using Guid(53c3f7c9b7cb61a408179a01ca9606d1) Importer(815301076,1909f56bfc062723c751e8b465ee728b)  -> (artifact id: 'd781c04bc07a08d8bb9abe5fd6b87058') in 0.163646 seconds
  Import took 0.170959 seconds .

========================================================================
Received Import Request.
  Time since last request: 158.961817 seconds.
  path: Assets/Scripts/ItemCollection.cs
  artifactKey: Guid(9c8b614b1bf0dba4c9ab739950cc2c71) Importer(815301076,1909f56bfc062723c751e8b465ee728b)
Start importing Assets/Scripts/ItemCollection.cs using Guid(9c8b614b1bf0dba4c9ab739950cc2c71) Importer(815301076,1909f56bfc062723c751e8b465ee728b)  -> (artifact id: 'e91518983cbdba288e7cdccb81b6d3e1') in 0.147690 seconds
  Import took 0.154141 seconds .

========================================================================
Received Prepare
Registering precompiled user dll's ...
Registered in 0.002512 seconds.
Begin MonoManager ReloadAssembly
Native extension for WindowsStandalone target not found
Refreshing native plugins compatible for Editor in 0.63 ms, found 1 plugins.
Preloading 0 native plugins for Editor in 0.00 ms.
Invoked RoslynAnalysisRunner static constructor.
RoslynAnalysisRunner will not be running.
RoslynAnalysisRunner has terminated.
Mono: successfully reloaded assembly
- Completed reload, in  1.890 seconds
Platform modules already initialized, skipping
Shader 'Universal Render Pipeline/Particles/Lit': fallback shader 'Universal Render Pipeline/Particles/SimpleLit' not found
Refreshing native plugins compatible for Editor in 0.78 ms, found 1 plugins.
Preloading 0 native plugins for Editor in 0.00 ms.
Unloading 2846 Unused Serialized files (Serialized files now loaded: 0)
System memory in use before: 126.9 MB.
System memory in use after: 127.0 MB.

Unloading 13 unused Assets to reduce memory usage. Loaded Objects now: 3433.
Total: 3.774500 ms (FindLiveObjects: 0.389800 ms CreateObjectMapping: 0.223700 ms MarkObjects: 3.029700 ms  DeleteObjects: 0.129600 ms)

========================================================================
Received Prepare
Registering precompiled user dll's ...
Registered in 0.002081 seconds.
Begin MonoManager ReloadAssembly
Native extension for WindowsStandalone target not found
Refreshing native plugins compatible for Editor in 0.58 ms, found 1 plugins.
Preloading 0 native plugins for Editor in 0.00 ms.
Invoked RoslynAnalysisRunner static constructor.
RoslynAnalysisRunner will not be running.
RoslynAnalysisRunner has terminated.
Mono: successfully reloaded assembly
- Completed reload, in  1.621 seconds
Platform modules already initialized, skipping
Shader 'Universal Render Pipeline/Particles/Lit': fallback shader 'Universal Render Pipeline/Particles/SimpleLit' not found
Refreshing native plugins compatible for Editor in 1.61 ms, found 1 plugins.
Preloading 0 native plugins for Editor in 0.00 ms.
Unloading 2846 Unused Serialized files (Serialized files now loaded: 0)
System memory in use before: 126.9 MB.
System memory in use after: 127.0 MB.

Unloading 13 unused Assets to reduce memory usage. Loaded Objects now: 3436.
Total: 3.295800 ms (FindLiveObjects: 0.403600 ms CreateObjectMapping: 0.196800 ms MarkObjects: 2.562800 ms  DeleteObjects: 0.131500 ms)

========================================================================
Received Import Request.
  Time since last request: 142.673905 seconds.
  path: Assets/Sprites/NPCs/Derrumbe/derrube.gif
  artifactKey: Guid(983ef84d694c3e943ad64ea9a21594b7) Importer(815301076,1909f56bfc062723c751e8b465ee728b)
Start importing Assets/Sprites/NPCs/Derrumbe/derrube.gif using Guid(983ef84d694c3e943ad64ea9a21594b7) Importer(815301076,1909f56bfc062723c751e8b465ee728b)  -> (artifact id: '0bfa3849987a5009b250004555853171') in 0.112442 seconds
  Import took 0.134631 seconds .

========================================================================
Received Import Request.
  Time since last request: 0.000363 seconds.
  path: Assets/Sprites/NPCs/Derrumbe/sprite_0.png
  artifactKey: Guid(9e6b459801751d84284070ac700836bf) Importer(815301076,1909f56bfc062723c751e8b465ee728b)
Start importing Assets/Sprites/NPCs/Derrumbe/sprite_0.png using Guid(9e6b459801751d84284070ac700836bf) Importer(815301076,1909f56bfc062723c751e8b465ee728b)  -> (artifact id: '5b9f5d529b25364aae8cc9723f17f781') in 0.027463 seconds
  Import took 0.033635 seconds .

========================================================================
Received Import Request.
  Time since last request: 0.000406 seconds.
  path: Assets/Sprites/NPCs/Derrumbe/sprite_2.png
  artifactKey: Guid(de777253b8cd15b4b913895739b84924) Importer(815301076,1909f56bfc062723c751e8b465ee728b)
Start importing Assets/Sprites/NPCs/Derrumbe/sprite_2.png using Guid(de777253b8cd15b4b913895739b84924) Importer(815301076,1909f56bfc062723c751e8b465ee728b)  -> (artifact id: '2964fe5c18d70f87d3b93603666cf534') in 0.026679 seconds
  Import took 0.033833 seconds .

========================================================================
Received Import Request.
  Time since last request: 0.000263 seconds.
  path: Assets/Sprites/NPCs/Derrumbe/sprite_3.png
  artifactKey: Guid(896463a001e83cd4abeab08baf193e36) Importer(815301076,1909f56bfc062723c751e8b465ee728b)
Start importing Assets/Sprites/NPCs/Derrumbe/sprite_3.png using Guid(896463a001e83cd4abeab08baf193e36) Importer(815301076,1909f56bfc062723c751e8b465ee728b)  -> (artifact id: '80118347f8f7919ba6b6238826d7ba1e') in 0.019239 seconds
  Import took 0.041689 seconds .

========================================================================
Received Import Request.
  Time since last request: 0.000470 seconds.
  path: Assets/Sprites/NPCs/Derrumbe/sprite_1.png
  artifactKey: Guid(39cc4450f158eb043a7aaf03d2d3e1bc) Importer(815301076,1909f56bfc062723c751e8b465ee728b)
Start importing Assets/Sprites/NPCs/Derrumbe/sprite_1.png using Guid(39cc4450f158eb043a7aaf03d2d3e1bc) Importer(815301076,1909f56bfc062723c751e8b465ee728b)  -> (artifact id: 'b83d20f73af02d17a31a9d8ed1342154') in 0.014996 seconds
  Import took 0.022922 seconds .

========================================================================
Received Import Request.
  Time since last request: 8.642388 seconds.
  path: Assets/Sprites/NPCs/Derrumbe/derrube.gif
  artifactKey: Guid(983ef84d694c3e943ad64ea9a21594b7) Importer(815301076,1909f56bfc062723c751e8b465ee728b)
Start importing Assets/Sprites/NPCs/Derrumbe/derrube.gif using Guid(983ef84d694c3e943ad64ea9a21594b7) Importer(815301076,1909f56bfc062723c751e8b465ee728b)  -> (artifact id: '78a0dfd703a1c6c2995bb2854677ebae') in 0.028379 seconds
  Import took 0.035533 seconds .

========================================================================
Received Import Request.
  Time since last request: 0.000280 seconds.
  path: Assets/Sprites/NPCs/Derrumbe/sprite_0.png
  artifactKey: Guid(9e6b459801751d84284070ac700836bf) Importer(815301076,1909f56bfc062723c751e8b465ee728b)
Start importing Assets/Sprites/NPCs/Derrumbe/sprite_0.png using Guid(9e6b459801751d84284070ac700836bf) Importer(815301076,1909f56bfc062723c751e8b465ee728b)  -> (artifact id: '12b395d31aed072dfd4e5b3c5fa05a78') in 0.018245 seconds
  Import took 0.025840 seconds .

========================================================================
Received Import Request.
  Time since last request: 0.000331 seconds.
  path: Assets/Sprites/NPCs/Derrumbe/sprite_2.png
  artifactKey: Guid(de777253b8cd15b4b913895739b84924) Importer(815301076,1909f56bfc062723c751e8b465ee728b)
Start importing Assets/Sprites/NPCs/Derrumbe/sprite_2.png using Guid(de777253b8cd15b4b913895739b84924) Importer(815301076,1909f56bfc062723c751e8b465ee728b)  -> (artifact id: '8a8f951df9539c438a129b732662e4ac') in 0.025080 seconds
  Import took 0.054275 seconds .

========================================================================
Received Import Request.
  Time since last request: 0.000252 seconds.
  path: Assets/Sprites/NPCs/Derrumbe/sprite_3.png
  artifactKey: Guid(896463a001e83cd4abeab08baf193e36) Importer(815301076,1909f56bfc062723c751e8b465ee728b)
Start importing Assets/Sprites/NPCs/Derrumbe/sprite_3.png using Guid(896463a001e83cd4abeab08baf193e36) Importer(815301076,1909f56bfc062723c751e8b465ee728b)  -> (artifact id: 'a155aabe02ad7c69f27af1df5d24129f') in 0.018587 seconds
  Import took 0.038376 seconds .

========================================================================
Received Import Request.
  Time since last request: 0.000226 seconds.
  path: Assets/Sprites/NPCs/Derrumbe/sprite_1.png
  artifactKey: Guid(39cc4450f158eb043a7aaf03d2d3e1bc) Importer(815301076,1909f56bfc062723c751e8b465ee728b)
Start importing Assets/Sprites/NPCs/Derrumbe/sprite_1.png using Guid(39cc4450f158eb043a7aaf03d2d3e1bc) Importer(815301076,1909f56bfc062723c751e8b465ee728b)  -> (artifact id: '4ee230eb4f6f94dc89d90329ac3f0637') in 0.018248 seconds
  Import took 0.024875 seconds .

========================================================================
Received Import Request.
  Time since last request: 4.749219 seconds.
  path: Assets/Sprites/NPCs/Derrumbe/derrube.gif
  artifactKey: Guid(983ef84d694c3e943ad64ea9a21594b7) Importer(815301076,1909f56bfc062723c751e8b465ee728b)
Start importing Assets/Sprites/NPCs/Derrumbe/derrube.gif using Guid(983ef84d694c3e943ad64ea9a21594b7) Importer(815301076,1909f56bfc062723c751e8b465ee728b)  -> (artifact id: '80147f25a602e33fa00ae548b101e898') in 0.016240 seconds
  Import took 0.026824 seconds .

========================================================================
Received Import Request.
  Time since last request: 0.000318 seconds.
  path: Assets/Sprites/NPCs/Derrumbe/sprite_0.png
  artifactKey: Guid(9e6b459801751d84284070ac700836bf) Importer(815301076,1909f56bfc062723c751e8b465ee728b)
Start importing Assets/Sprites/NPCs/Derrumbe/sprite_0.png using Guid(9e6b459801751d84284070ac700836bf) Importer(815301076,1909f56bfc062723c751e8b465ee728b)  -> (artifact id: '44fa652bd1bd38ce81042507747e3547') in 0.015194 seconds
  Import took 0.030854 seconds .

========================================================================
Received Import Request.
  Time since last request: 0.000266 seconds.
  path: Assets/Sprites/NPCs/Derrumbe/sprite_2.png
  artifactKey: Guid(de777253b8cd15b4b913895739b84924) Importer(815301076,1909f56bfc062723c751e8b465ee728b)
Start importing Assets/Sprites/NPCs/Derrumbe/sprite_2.png using Guid(de777253b8cd15b4b913895739b84924) Importer(815301076,1909f56bfc062723c751e8b465ee728b)  -> (artifact id: '5642d7bf5331a163307512993c8f1e9d') in 0.025048 seconds
  Import took 0.049555 seconds .

========================================================================
Received Import Request.
  Time since last request: 0.000250 seconds.
  path: Assets/Sprites/NPCs/Derrumbe/sprite_3.png
  artifactKey: Guid(896463a001e83cd4abeab08baf193e36) Importer(815301076,1909f56bfc062723c751e8b465ee728b)
Start importing Assets/Sprites/NPCs/Derrumbe/sprite_3.png using Guid(896463a001e83cd4abeab08baf193e36) Importer(815301076,1909f56bfc062723c751e8b465ee728b)  -> (artifact id: '17c7ca0ce330214ce7dc9e190e36bfdd') in 0.017433 seconds
  Import took 0.023323 seconds .

========================================================================
Received Import Request.
  Time since last request: 0.000221 seconds.
  path: Assets/Sprites/NPCs/Derrumbe/sprite_1.png
  artifactKey: Guid(39cc4450f158eb043a7aaf03d2d3e1bc) Importer(815301076,1909f56bfc062723c751e8b465ee728b)
Start importing Assets/Sprites/NPCs/Derrumbe/sprite_1.png using Guid(39cc4450f158eb043a7aaf03d2d3e1bc) Importer(815301076,1909f56bfc062723c751e8b465ee728b)  -> (artifact id: 'b2f05e537f1f26a1087dd3a301a3e518') in 0.017654 seconds
  Import took 0.027970 seconds .

========================================================================
Received Import Request.
  Time since last request: 6.148006 seconds.
  path: Assets/Sprites/NPCs/Derrumbe/derrube.gif
  artifactKey: Guid(983ef84d694c3e943ad64ea9a21594b7) Importer(815301076,1909f56bfc062723c751e8b465ee728b)
Start importing Assets/Sprites/NPCs/Derrumbe/derrube.gif using Guid(983ef84d694c3e943ad64ea9a21594b7) Importer(815301076,1909f56bfc062723c751e8b465ee728b)  -> (artifact id: 'b67601a2e2ef020da50eefcd33df5b86') in 0.023519 seconds
  Import took 0.038707 seconds .

========================================================================
Received Import Request.
  Time since last request: 0.000272 seconds.
  path: Assets/Sprites/NPCs/Derrumbe/sprite_0.png
  artifactKey: Guid(9e6b459801751d84284070ac700836bf) Importer(815301076,1909f56bfc062723c751e8b465ee728b)
Start importing Assets/Sprites/NPCs/Derrumbe/sprite_0.png using Guid(9e6b459801751d84284070ac700836bf) Importer(815301076,1909f56bfc062723c751e8b465ee728b)  -> (artifact id: '3b211daa180b4607ecf7de5d20d31ff8') in 0.020471 seconds
  Import took 0.026329 seconds .

========================================================================
Received Import Request.
  Time since last request: 0.000220 seconds.
  path: Assets/Sprites/NPCs/Derrumbe/sprite_2.png
  artifactKey: Guid(de777253b8cd15b4b913895739b84924) Importer(815301076,1909f56bfc062723c751e8b465ee728b)
Start importing Assets/Sprites/NPCs/Derrumbe/sprite_2.png using Guid(de777253b8cd15b4b913895739b84924) Importer(815301076,1909f56bfc062723c751e8b465ee728b)  -> (artifact id: 'b2d3edfbb1a9d2d5ea56e4080db49dc6') in 0.019537 seconds
  Import took 0.026945 seconds .

========================================================================
Received Import Request.
  Time since last request: 0.000208 seconds.
  path: Assets/Sprites/NPCs/Derrumbe/sprite_3.png
  artifactKey: Guid(896463a001e83cd4abeab08baf193e36) Importer(815301076,1909f56bfc062723c751e8b465ee728b)
Start importing Assets/Sprites/NPCs/Derrumbe/sprite_3.png using Guid(896463a001e83cd4abeab08baf193e36) Importer(815301076,1909f56bfc062723c751e8b465ee728b)  -> (artifact id: '5540d1e79cf434229e8dd7034105d5c8') in 0.017374 seconds
  Import took 0.025888 seconds .

========================================================================
Received Import Request.
  Time since last request: 0.002930 seconds.
  path: Assets/Sprites/NPCs/Derrumbe/sprite_1.png
  artifactKey: Guid(39cc4450f158eb043a7aaf03d2d3e1bc) Importer(815301076,1909f56bfc062723c751e8b465ee728b)
Start importing Assets/Sprites/NPCs/Derrumbe/sprite_1.png using Guid(39cc4450f158eb043a7aaf03d2d3e1bc) Importer(815301076,1909f56bfc062723c751e8b465ee728b)  -> (artifact id: '51b71f3995701db409ff0b39e1ffc861') in 0.016029 seconds
  Import took 0.026917 seconds .

========================================================================
Received Import Request.
  Time since last request: 4.103841 seconds.
  path: Assets/Sprites/NPCs/Derrumbe/derrube.gif
  artifactKey: Guid(983ef84d694c3e943ad64ea9a21594b7) Importer(815301076,1909f56bfc062723c751e8b465ee728b)
Start importing Assets/Sprites/NPCs/Derrumbe/derrube.gif using Guid(983ef84d694c3e943ad64ea9a21594b7) Importer(815301076,1909f56bfc062723c751e8b465ee728b)  -> (artifact id: '1a756132b460dc98a1ff2683ffca6fa1') in 0.023325 seconds
  Import took 0.034990 seconds .

========================================================================
Received Import Request.
  Time since last request: 0.000265 seconds.
  path: Assets/Sprites/NPCs/Derrumbe/sprite_0.png
  artifactKey: Guid(9e6b459801751d84284070ac700836bf) Importer(815301076,1909f56bfc062723c751e8b465ee728b)
Start importing Assets/Sprites/NPCs/Derrumbe/sprite_0.png using Guid(9e6b459801751d84284070ac700836bf) Importer(815301076,1909f56bfc062723c751e8b465ee728b)  -> (artifact id: '512990d939bd809203a4b0c7abd71614') in 0.023706 seconds
  Import took 0.030985 seconds .

========================================================================
Received Import Request.
  Time since last request: 0.000232 seconds.
  path: Assets/Sprites/NPCs/Derrumbe/sprite_2.png
  artifactKey: Guid(de777253b8cd15b4b913895739b84924) Importer(815301076,1909f56bfc062723c751e8b465ee728b)
Start importing Assets/Sprites/NPCs/Derrumbe/sprite_2.png using Guid(de777253b8cd15b4b913895739b84924) Importer(815301076,1909f56bfc062723c751e8b465ee728b)  -> (artifact id: '8b1daa9440110cc7c0c40c62348a331c') in 0.018878 seconds
  Import took 0.027427 seconds .

========================================================================
Received Import Request.
  Time since last request: 0.000250 seconds.
  path: Assets/Sprites/NPCs/Derrumbe/sprite_3.png
  artifactKey: Guid(896463a001e83cd4abeab08baf193e36) Importer(815301076,1909f56bfc062723c751e8b465ee728b)
Start importing Assets/Sprites/NPCs/Derrumbe/sprite_3.png using Guid(896463a001e83cd4abeab08baf193e36) Importer(815301076,1909f56bfc062723c751e8b465ee728b)  -> (artifact id: '8d941fccd7a9bcdf4391ea30aeac8e6c') in 0.015199 seconds
  Import took 0.023273 seconds .

========================================================================
Received Import Request.
  Time since last request: 0.000245 seconds.
  path: Assets/Sprites/NPCs/Derrumbe/sprite_1.png
  artifactKey: Guid(39cc4450f158eb043a7aaf03d2d3e1bc) Importer(815301076,1909f56bfc062723c751e8b465ee728b)
Start importing Assets/Sprites/NPCs/Derrumbe/sprite_1.png using Guid(39cc4450f158eb043a7aaf03d2d3e1bc) Importer(815301076,1909f56bfc062723c751e8b465ee728b)  -> (artifact id: '95c575c5c1de173f65286592a60add17') in 0.018218 seconds
  Import took 0.024513 seconds .

========================================================================
Received Import Request.
  Time since last request: 4.297862 seconds.
  path: Assets/Sprites/NPCs/Derrumbe/sprite_0.png
  artifactKey: Guid(9e6b459801751d84284070ac700836bf) Importer(815301076,1909f56bfc062723c751e8b465ee728b)
Start importing Assets/Sprites/NPCs/Derrumbe/sprite_0.png using Guid(9e6b459801751d84284070ac700836bf) Importer(815301076,1909f56bfc062723c751e8b465ee728b)  -> (artifact id: '9fbeaeb9c0c9b1de8b513596f18c7ef0') in 0.024000 seconds
  Import took 0.033829 seconds .

========================================================================
Received Import Request.
  Time since last request: 0.000279 seconds.
  path: Assets/Sprites/NPCs/Derrumbe/derrube.gif
  artifactKey: Guid(983ef84d694c3e943ad64ea9a21594b7) Importer(815301076,1909f56bfc062723c751e8b465ee728b)
Start importing Assets/Sprites/NPCs/Derrumbe/derrube.gif using Guid(983ef84d694c3e943ad64ea9a21594b7) Importer(815301076,1909f56bfc062723c751e8b465ee728b)  -> (artifact id: '710aa72b75577fc9da697e06a8452589') in 0.024794 seconds
  Import took 0.034293 seconds .

========================================================================
Received Import Request.
  Time since last request: 0.000355 seconds.
  path: Assets/Sprites/NPCs/Derrumbe/sprite_2.png
  artifactKey: Guid(de777253b8cd15b4b913895739b84924) Importer(815301076,1909f56bfc062723c751e8b465ee728b)
Start importing Assets/Sprites/NPCs/Derrumbe/sprite_2.png using Guid(de777253b8cd15b4b913895739b84924) Importer(815301076,1909f56bfc062723c751e8b465ee728b)  -> (artifact id: 'f5e038a9b22dd38398b52aa9b23b17a8') in 0.027879 seconds
  Import took 0.058260 seconds .

========================================================================
Received Import Request.
  Time since last request: 0.000206 seconds.
  path: Assets/Sprites/NPCs/Derrumbe/sprite_3.png
  artifactKey: Guid(896463a001e83cd4abeab08baf193e36) Importer(815301076,1909f56bfc062723c751e8b465ee728b)
Start importing Assets/Sprites/NPCs/Derrumbe/sprite_3.png using Guid(896463a001e83cd4abeab08baf193e36) Importer(815301076,1909f56bfc062723c751e8b465ee728b)  -> (artifact id: '89469ff66058231b199167953d42ca2a') in 0.014455 seconds
  Import took 0.024438 seconds .

========================================================================
Received Import Request.
  Time since last request: 0.000311 seconds.
  path: Assets/Sprites/NPCs/Derrumbe/sprite_1.png
  artifactKey: Guid(39cc4450f158eb043a7aaf03d2d3e1bc) Importer(815301076,1909f56bfc062723c751e8b465ee728b)
Start importing Assets/Sprites/NPCs/Derrumbe/sprite_1.png using Guid(39cc4450f158eb043a7aaf03d2d3e1bc) Importer(815301076,1909f56bfc062723c751e8b465ee728b)  -> (artifact id: '9367fd48254130d690c5f7510e066327') in 0.019231 seconds
  Import took 0.026708 seconds .

========================================================================
Received Prepare
Registering precompiled user dll's ...
Registered in 0.002292 seconds.
Begin MonoManager ReloadAssembly
Native extension for WindowsStandalone target not found
Refreshing native plugins compatible for Editor in 0.59 ms, found 1 plugins.
Preloading 0 native plugins for Editor in 0.00 ms.
Invoked RoslynAnalysisRunner static constructor.
RoslynAnalysisRunner will not be running.
RoslynAnalysisRunner has terminated.
Mono: successfully reloaded assembly
- Completed reload, in  1.323 seconds
Platform modules already initialized, skipping
Shader 'Universal Render Pipeline/Particles/Lit': fallback shader 'Universal Render Pipeline/Particles/SimpleLit' not found
Refreshing native plugins compatible for Editor in 0.62 ms, found 1 plugins.
Preloading 0 native plugins for Editor in 0.00 ms.
Unloading 2846 Unused Serialized files (Serialized files now loaded: 0)
System memory in use before: 127.0 MB.
System memory in use after: 127.1 MB.

Unloading 13 unused Assets to reduce memory usage. Loaded Objects now: 3442.
Total: 3.441700 ms (FindLiveObjects: 0.477900 ms CreateObjectMapping: 0.218700 ms MarkObjects: 2.616300 ms  DeleteObjects: 0.124800 ms)

========================================================================
Received Prepare
Registering precompiled user dll's ...
Registered in 0.002213 seconds.
Begin MonoManager ReloadAssembly
Native extension for WindowsStandalone target not found
Refreshing native plugins compatible for Editor in 0.93 ms, found 1 plugins.
Preloading 0 native plugins for Editor in 0.00 ms.
Invoked RoslynAnalysisRunner static constructor.
RoslynAnalysisRunner will not be running.
RoslynAnalysisRunner has terminated.
Mono: successfully reloaded assembly
- Completed reload, in  1.709 seconds
Platform modules already initialized, skipping
Shader 'Universal Render Pipeline/Particles/Lit': fallback shader 'Universal Render Pipeline/Particles/SimpleLit' not found
Refreshing native plugins compatible for Editor in 0.58 ms, found 1 plugins.
Preloading 0 native plugins for Editor in 0.00 ms.
Unloading 2846 Unused Serialized files (Serialized files now loaded: 0)
System memory in use before: 127.0 MB.
System memory in use after: 127.1 MB.

Unloading 13 unused Assets to reduce memory usage. Loaded Objects now: 3445.
Total: 2.834900 ms (FindLiveObjects: 0.312200 ms CreateObjectMapping: 0.171700 ms MarkObjects: 2.225300 ms  DeleteObjects: 0.124500 ms)

========================================================================
Received Prepare
Registering precompiled user dll's ...
Registered in 0.003103 seconds.
Begin MonoManager ReloadAssembly
Native extension for WindowsStandalone target not found
Refreshing native plugins compatible for Editor in 0.95 ms, found 1 plugins.
Preloading 0 native plugins for Editor in 0.00 ms.
Invoked RoslynAnalysisRunner static constructor.
RoslynAnalysisRunner will not be running.
RoslynAnalysisRunner has terminated.
Mono: successfully reloaded assembly
- Completed reload, in  1.401 seconds
Platform modules already initialized, skipping
Shader 'Universal Render Pipeline/Particles/Lit': fallback shader 'Universal Render Pipeline/Particles/SimpleLit' not found
Refreshing native plugins compatible for Editor in 0.72 ms, found 1 plugins.
Preloading 0 native plugins for Editor in 0.00 ms.
Unloading 2846 Unused Serialized files (Serialized files now loaded: 0)
System memory in use before: 127.0 MB.
System memory in use after: 127.1 MB.

Unloading 13 unused Assets to reduce memory usage. Loaded Objects now: 3448.
Total: 3.911100 ms (FindLiveObjects: 0.380600 ms CreateObjectMapping: 0.219200 ms MarkObjects: 2.935500 ms  DeleteObjects: 0.374000 ms)

========================================================================
Received Prepare
Registering precompiled user dll's ...
Registered in 0.002236 seconds.
Begin MonoManager ReloadAssembly
Native extension for WindowsStandalone target not found
Refreshing native plugins compatible for Editor in 0.80 ms, found 1 plugins.
Preloading 0 native plugins for Editor in 0.00 ms.
Invoked RoslynAnalysisRunner static constructor.
RoslynAnalysisRunner will not be running.
RoslynAnalysisRunner has terminated.
Mono: successfully reloaded assembly
- Completed reload, in  1.310 seconds
Platform modules already initialized, skipping
Shader 'Universal Render Pipeline/Particles/Lit': fallback shader 'Universal Render Pipeline/Particles/SimpleLit' not found
Refreshing native plugins compatible for Editor in 0.56 ms, found 1 plugins.
Preloading 0 native plugins for Editor in 0.00 ms.
Unloading 2847 Unused Serialized files (Serialized files now loaded: 0)
System memory in use before: 127.0 MB.
System memory in use after: 127.1 MB.

Unloading 13 unused Assets to reduce memory usage. Loaded Objects now: 3452.
Total: 3.775500 ms (FindLiveObjects: 0.429000 ms CreateObjectMapping: 0.223800 ms MarkObjects: 2.988900 ms  DeleteObjects: 0.132400 ms)

========================================================================
Received Import Request.
  Time since last request: 168.566907 seconds.
  path: Assets/Scripts/Derrumbe.cs
  artifactKey: Guid(b399aba63a75b4e46bd43b6248b39561) Importer(815301076,1909f56bfc062723c751e8b465ee728b)
Start importing Assets/Scripts/Derrumbe.cs using Guid(b399aba63a75b4e46bd43b6248b39561) Importer(815301076,1909f56bfc062723c751e8b465ee728b)  -> (artifact id: '7d38d9c37fa00f04ec4c6223f66cb789') in 0.009385 seconds
  Import took 0.038355 seconds .

========================================================================
Received Import Request.
  Time since last request: 817.156208 seconds.
  path: Assets/Scenes/Prehistoria_1.unity
  artifactKey: Guid(81d5e6733e15f4ebeb86813df0cbf3d2) Importer(815301076,1909f56bfc062723c751e8b465ee728b)
Start importing Assets/Scenes/Prehistoria_1.unity using Guid(81d5e6733e15f4ebeb86813df0cbf3d2) Importer(815301076,1909f56bfc062723c751e8b465ee728b)  -> (artifact id: '015c7592eeb3b426845dd6bf0edfedd1') in 0.022070 seconds
  Import took 0.033329 seconds .

========================================================================
Received Import Request.
  Time since last request: 140.674992 seconds.
  path: Assets/Animation/sprite_06.controller
  artifactKey: Guid(5ede1d4a130369e44ab9dbf24a506e4b) Importer(815301076,1909f56bfc062723c751e8b465ee728b)
Start importing Assets/Animation/sprite_06.controller using Guid(5ede1d4a130369e44ab9dbf24a506e4b) Importer(815301076,1909f56bfc062723c751e8b465ee728b)  -> (artifact id: 'bba34d93a3a418834b3956300a411520') in 0.073823 seconds
  Import took 0.092952 seconds .

========================================================================
Received Prepare
Registering precompiled user dll's ...
Registered in 0.002165 seconds.
Begin MonoManager ReloadAssembly
Native extension for WindowsStandalone target not found
Refreshing native plugins compatible for Editor in 1.44 ms, found 1 plugins.
Preloading 0 native plugins for Editor in 0.00 ms.
Invoked RoslynAnalysisRunner static constructor.
RoslynAnalysisRunner will not be running.
RoslynAnalysisRunner has terminated.
Mono: successfully reloaded assembly
- Completed reload, in  1.909 seconds
Platform modules already initialized, skipping
Shader 'Universal Render Pipeline/Particles/Lit': fallback shader 'Universal Render Pipeline/Particles/SimpleLit' not found
Refreshing native plugins compatible for Editor in 0.61 ms, found 1 plugins.
Preloading 0 native plugins for Editor in 0.00 ms.
Unloading 2847 Unused Serialized files (Serialized files now loaded: 0)
System memory in use before: 127.0 MB.
System memory in use after: 127.2 MB.

Unloading 13 unused Assets to reduce memory usage. Loaded Objects now: 3455.
Total: 3.831700 ms (FindLiveObjects: 0.330500 ms CreateObjectMapping: 0.268300 ms MarkObjects: 3.048700 ms  DeleteObjects: 0.182100 ms)

========================================================================
Received Prepare
Registering precompiled user dll's ...
Registered in 0.002271 seconds.
Begin MonoManager ReloadAssembly
Native extension for WindowsStandalone target not found
Refreshing native plugins compatible for Editor in 0.58 ms, found 1 plugins.
Preloading 0 native plugins for Editor in 0.00 ms.
Invoked RoslynAnalysisRunner static constructor.
RoslynAnalysisRunner will not be running.
RoslynAnalysisRunner has terminated.
Mono: successfully reloaded assembly
- Completed reload, in  1.495 seconds
Platform modules already initialized, skipping
Shader 'Universal Render Pipeline/Particles/Lit': fallback shader 'Universal Render Pipeline/Particles/SimpleLit' not found
Refreshing native plugins compatible for Editor in 0.93 ms, found 1 plugins.
Preloading 0 native plugins for Editor in 0.00 ms.
Unloading 2847 Unused Serialized files (Serialized files now loaded: 0)
System memory in use before: 127.1 MB.
System memory in use after: 127.2 MB.

Unloading 13 unused Assets to reduce memory usage. Loaded Objects now: 3458.
Total: 4.285000 ms (FindLiveObjects: 0.524200 ms CreateObjectMapping: 0.691600 ms MarkObjects: 2.924300 ms  DeleteObjects: 0.143600 ms)

========================================================================
Received Prepare
Registering precompiled user dll's ...
Registered in 0.002180 seconds.
Begin MonoManager ReloadAssembly
Native extension for WindowsStandalone target not found
Refreshing native plugins compatible for Editor in 5.21 ms, found 1 plugins.
Preloading 0 native plugins for Editor in 0.00 ms.
Invoked RoslynAnalysisRunner static constructor.
RoslynAnalysisRunner will not be running.
RoslynAnalysisRunner has terminated.
Mono: successfully reloaded assembly
- Completed reload, in  3.451 seconds
Platform modules already initialized, skipping
Shader 'Universal Render Pipeline/Particles/Lit': fallback shader 'Universal Render Pipeline/Particles/SimpleLit' not found
Refreshing native plugins compatible for Editor in 0.66 ms, found 1 plugins.
Preloading 0 native plugins for Editor in 0.00 ms.
Unloading 2847 Unused Serialized files (Serialized files now loaded: 0)
System memory in use before: 127.1 MB.
System memory in use after: 127.2 MB.

Unloading 13 unused Assets to reduce memory usage. Loaded Objects now: 3461.
Total: 4.862200 ms (FindLiveObjects: 0.380600 ms CreateObjectMapping: 0.215200 ms MarkObjects: 4.046300 ms  DeleteObjects: 0.218300 ms)

========================================================================
Received Prepare
Registering precompiled user dll's ...
Registered in 0.002489 seconds.
Begin MonoManager ReloadAssembly
Native extension for WindowsStandalone target not found
Refreshing native plugins compatible for Editor in 0.58 ms, found 1 plugins.
Preloading 0 native plugins for Editor in 0.00 ms.
Invoked RoslynAnalysisRunner static constructor.
RoslynAnalysisRunner will not be running.
RoslynAnalysisRunner has terminated.
Mono: successfully reloaded assembly
- Completed reload, in  1.329 seconds
Platform modules already initialized, skipping
Shader 'Universal Render Pipeline/Particles/Lit': fallback shader 'Universal Render Pipeline/Particles/SimpleLit' not found
Refreshing native plugins compatible for Editor in 0.67 ms, found 1 plugins.
Preloading 0 native plugins for Editor in 0.00 ms.
Unloading 2847 Unused Serialized files (Serialized files now loaded: 0)
System memory in use before: 127.1 MB.
System memory in use after: 127.2 MB.

Unloading 13 unused Assets to reduce memory usage. Loaded Objects now: 3464.
Total: 3.614000 ms (FindLiveObjects: 0.779200 ms CreateObjectMapping: 0.284900 ms MarkObjects: 2.383100 ms  DeleteObjects: 0.164900 ms)

========================================================================
Received Prepare
Registering precompiled user dll's ...
Registered in 0.083385 seconds.
Begin MonoManager ReloadAssembly
Native extension for WindowsStandalone target not found
Refreshing native plugins compatible for Editor in 0.80 ms, found 1 plugins.
Preloading 0 native plugins for Editor in 0.00 ms.
Invoked RoslynAnalysisRunner static constructor.
RoslynAnalysisRunner will not be running.
RoslynAnalysisRunner has terminated.
Mono: successfully reloaded assembly
- Completed reload, in  2.477 seconds
Platform modules already initialized, skipping
Shader 'Universal Render Pipeline/Particles/Lit': fallback shader 'Universal Render Pipeline/Particles/SimpleLit' not found
Refreshing native plugins compatible for Editor in 0.59 ms, found 1 plugins.
Preloading 0 native plugins for Editor in 0.00 ms.
Unloading 2847 Unused Serialized files (Serialized files now loaded: 0)
System memory in use before: 127.1 MB.
System memory in use after: 127.2 MB.

Unloading 13 unused Assets to reduce memory usage. Loaded Objects now: 3467.
Total: 3.755100 ms (FindLiveObjects: 0.424700 ms CreateObjectMapping: 0.181500 ms MarkObjects: 2.898900 ms  DeleteObjects: 0.248100 ms)

